[2021/07/13 21:31:38] => port:9000
[2021/07/13 21:31:38] => NUM_TRAIN:50000
[2021/07/13 21:31:38] => NUM_VAL:0
[2021/07/13 21:31:38] => ROOT:{'cifar10': '../cifar10', 'cifar100': '../cifar100'}
[2021/07/13 21:31:38] => TRIALS:3
[2021/07/13 21:31:38] => CYCLES:10
[2021/07/13 21:31:38] => ADDENDUM:1000
[2021/07/13 21:31:38] => SUBSET:10000
[2021/07/13 21:31:38] => BATCH:128
[2021/07/13 21:31:38] => EPOCH:200
[2021/07/13 21:31:38] => LR:0.1
[2021/07/13 21:31:38] => MILESTONES:[160]
[2021/07/13 21:31:38] => EPOCHL:120
[2021/07/13 21:31:38] => MOMENTUM:0.9
[2021/07/13 21:31:38] => WDECAY:0.0005
[2021/07/13 21:31:38] => MIN_CLBR:0.1
[2021/07/13 21:31:38] => MAX_CLBR:0.1
[2021/07/13 21:31:38] => checkpoint:/home/ubuntu/Workspace_new/LiuYue/ActiveLearning/LL4LL_ADS3_exp/output/0713213138
[2021/07/13 21:31:57] => Train Start.
[2021/07/13 21:32:29] => Trial [1/3] Cycle [1/10] Epoch [1/200] Labeled Set Size [1000] Loss [backbone: 1.58e-05, Loss_classifier: 6.33, Loss_init: 6.2]
[2021/07/13 21:35:59] => Trial [1/3] Cycle [1/10] Epoch [10/200] Labeled Set Size [1000] Loss [backbone: 7.08e-06, Loss_classifier: 5.31, Loss_init: 5.25]
[2021/07/13 21:39:34] => Trial [1/3] Cycle [1/10] Epoch [20/200] Labeled Set Size [1000] Loss [backbone: 8.04e-06, Loss_classifier: 4.73, Loss_init: 4.8]
[2021/07/13 21:42:56] => Trial [1/3] Cycle [1/10] Epoch [30/200] Labeled Set Size [1000] Loss [backbone: 7.69e-06, Loss_classifier: 4.23, Loss_init: 4.23]
[2021/07/13 21:45:57] => Trial [1/3] Cycle [1/10] Epoch [40/200] Labeled Set Size [1000] Loss [backbone: 8.07e-06, Loss_classifier: 3.61, Loss_init: 4.25]
[2021/07/13 21:49:09] => Trial [1/3] Cycle [1/10] Epoch [50/200] Labeled Set Size [1000] Loss [backbone: 1.25e-05, Loss_classifier: 2.92, Loss_init: 3.14]
[2021/07/13 21:53:02] => Trial [1/3] Cycle [1/10] Epoch [60/200] Labeled Set Size [1000] Loss [backbone: 1.2e-05, Loss_classifier: 2.08, Loss_init: 2.44]
[2021/07/13 21:57:03] => Trial [1/3] Cycle [1/10] Epoch [70/200] Labeled Set Size [1000] Loss [backbone: 1.21e-05, Loss_classifier: 1.77, Loss_init: 1.72]
[2021/07/13 22:01:13] => Trial [1/3] Cycle [1/10] Epoch [80/200] Labeled Set Size [1000] Loss [backbone: 9.31e-06, Loss_classifier: 1.12, Loss_init: 1.72]
[2021/07/13 22:05:14] => Trial [1/3] Cycle [1/10] Epoch [90/200] Labeled Set Size [1000] Loss [backbone: 9.86e-06, Loss_classifier: 0.813, Loss_init: 0.963]
[2021/07/13 22:09:03] => Trial [1/3] Cycle [1/10] Epoch [100/200] Labeled Set Size [1000] Loss [backbone: 7.73e-06, Loss_classifier: 0.697, Loss_init: 0.872]
[2021/07/13 22:12:16] => Trial [1/3] Cycle [1/10] Epoch [110/200] Labeled Set Size [1000] Loss [backbone: 6.55e-06, Loss_classifier: 0.725, Loss_init: 0.497]
[2021/07/13 22:15:27] => Trial [1/3] Cycle [1/10] Epoch [120/200] Labeled Set Size [1000] Loss [backbone: 7e-06, Loss_classifier: 0.475, Loss_init: 0.687]
[2021/07/13 22:19:00] => Trial [1/3] Cycle [1/10] Epoch [130/200] Labeled Set Size [1000] Loss [backbone: 4.53e-06, Loss_classifier: 0.403, Loss_init: 0.275]
[2021/07/13 22:22:35] => Trial [1/3] Cycle [1/10] Epoch [140/200] Labeled Set Size [1000] Loss [backbone: 5.65e-06, Loss_classifier: 0.378, Loss_init: 0.506]
[2021/07/13 22:26:03] => Trial [1/3] Cycle [1/10] Epoch [150/200] Labeled Set Size [1000] Loss [backbone: 3.1e-06, Loss_classifier: 0.406, Loss_init: 0.652]
[2021/07/13 22:29:25] => Trial [1/3] Cycle [1/10] Epoch [160/200] Labeled Set Size [1000] Loss [backbone: 5.01e-06, Loss_classifier: 0.238, Loss_init: 0.631]
[2021/07/13 22:32:42] => Trial [1/3] Cycle [1/10] Epoch [170/200] Labeled Set Size [1000] Loss [backbone: 4.18e-06, Loss_classifier: 0.136, Loss_init: 0.0687]
[2021/07/13 22:35:53] => Trial [1/3] Cycle [1/10] Epoch [180/200] Labeled Set Size [1000] Loss [backbone: 4.5e-06, Loss_classifier: 0.071, Loss_init: 0.0696]
[2021/07/13 22:39:14] => Trial [1/3] Cycle [1/10] Epoch [190/200] Labeled Set Size [1000] Loss [backbone: 5.03e-06, Loss_classifier: 0.0605, Loss_init: 0.0797]
[2021/07/13 22:42:32] => Trial [1/3] Cycle [1/10] Epoch [200/200] Labeled Set Size [1000] Loss [backbone: 3.23e-06, Loss_classifier: 0.113, Loss_init: 0.0992]
[2021/07/13 22:42:37] => Trial [1/3] Cycle [1/10] Labeled Set Size [1000] Test [acc1: 50.6, acc2: 50.6, acc: 50.6]
[2021/07/13 22:43:14] => Trial [1/3] Cycle [2/10] Epoch [1/200] Labeled Set Size [2000] Loss [backbone: 5.12e-06, Loss_classifier: 4.9, Loss_init: 4.49]
[2021/07/13 22:46:47] => Trial [1/3] Cycle [2/10] Epoch [10/200] Labeled Set Size [2000] Loss [backbone: 3.38e-06, Loss_classifier: 1.82, Loss_init: 2.99]
[2021/07/13 22:50:39] => Trial [1/3] Cycle [2/10] Epoch [20/200] Labeled Set Size [2000] Loss [backbone: 2.44e-06, Loss_classifier: 1.64, Loss_init: 1.93]
[2021/07/13 22:54:37] => Trial [1/3] Cycle [2/10] Epoch [30/200] Labeled Set Size [2000] Loss [backbone: 3.89e-06, Loss_classifier: 0.766, Loss_init: 1.47]
[2021/07/13 22:58:25] => Trial [1/3] Cycle [2/10] Epoch [40/200] Labeled Set Size [2000] Loss [backbone: 2.23e-06, Loss_classifier: 0.492, Loss_init: 0.965]
[2021/07/13 23:01:49] => Trial [1/3] Cycle [2/10] Epoch [50/200] Labeled Set Size [2000] Loss [backbone: 2.41e-06, Loss_classifier: 0.543, Loss_init: 0.756]
[2021/07/13 23:05:09] => Trial [1/3] Cycle [2/10] Epoch [60/200] Labeled Set Size [2000] Loss [backbone: 3.35e-06, Loss_classifier: 0.502, Loss_init: 1.13]
[2021/07/13 23:09:11] => Trial [1/3] Cycle [2/10] Epoch [70/200] Labeled Set Size [2000] Loss [backbone: 2.78e-06, Loss_classifier: 0.54, Loss_init: 0.204]
[2021/07/13 23:13:09] => Trial [1/3] Cycle [2/10] Epoch [80/200] Labeled Set Size [2000] Loss [backbone: 2.57e-06, Loss_classifier: 0.276, Loss_init: 0.754]
[2021/07/13 23:16:53] => Trial [1/3] Cycle [2/10] Epoch [90/200] Labeled Set Size [2000] Loss [backbone: 3.06e-06, Loss_classifier: 0.338, Loss_init: 0.428]
[2021/07/13 23:21:02] => Trial [1/3] Cycle [2/10] Epoch [100/200] Labeled Set Size [2000] Loss [backbone: 2.91e-06, Loss_classifier: 0.34, Loss_init: 0.355]
[2021/07/13 23:24:49] => Trial [1/3] Cycle [2/10] Epoch [110/200] Labeled Set Size [2000] Loss [backbone: 2.33e-06, Loss_classifier: 0.26, Loss_init: 0.905]
[2021/07/13 23:28:25] => Trial [1/3] Cycle [2/10] Epoch [120/200] Labeled Set Size [2000] Loss [backbone: 3.49e-06, Loss_classifier: 0.574, Loss_init: 0.631]
[2021/07/13 23:32:36] => Trial [1/3] Cycle [2/10] Epoch [130/200] Labeled Set Size [2000] Loss [backbone: 3.45e-06, Loss_classifier: 0.209, Loss_init: 0.992]
[2021/07/13 23:37:03] => Trial [1/3] Cycle [2/10] Epoch [140/200] Labeled Set Size [2000] Loss [backbone: 2.5e-06, Loss_classifier: 0.398, Loss_init: 0.583]
[2021/07/13 23:40:57] => Trial [1/3] Cycle [2/10] Epoch [150/200] Labeled Set Size [2000] Loss [backbone: 3.68e-06, Loss_classifier: 0.319, Loss_init: 0.591]
[2021/07/13 23:45:16] => Trial [1/3] Cycle [2/10] Epoch [160/200] Labeled Set Size [2000] Loss [backbone: 4.72e-06, Loss_classifier: 0.432, Loss_init: 0.444]
[2021/07/13 23:49:22] => Trial [1/3] Cycle [2/10] Epoch [170/200] Labeled Set Size [2000] Loss [backbone: 4.11e-06, Loss_classifier: 0.0461, Loss_init: 0.0359]
[2021/07/13 23:53:00] => Trial [1/3] Cycle [2/10] Epoch [180/200] Labeled Set Size [2000] Loss [backbone: 3.77e-06, Loss_classifier: 0.0416, Loss_init: 0.0372]
[2021/07/13 23:56:51] => Trial [1/3] Cycle [2/10] Epoch [190/200] Labeled Set Size [2000] Loss [backbone: 2.26e-06, Loss_classifier: 0.0351, Loss_init: 0.0334]
[2021/07/14 00:01:14] => Trial [1/3] Cycle [2/10] Epoch [200/200] Labeled Set Size [2000] Loss [backbone: 2.63e-06, Loss_classifier: 0.0369, Loss_init: 0.0366]
[2021/07/14 00:01:20] => Trial [1/3] Cycle [2/10] Labeled Set Size [2000] Test [acc1: 66.8, acc2: 66.8, acc: 66.8]
[2021/07/14 00:02:04] => Trial [1/3] Cycle [3/10] Epoch [1/200] Labeled Set Size [3000] Loss [backbone: 4.15e-06, Loss_classifier: 2.75, Loss_init: 3.2]
[2021/07/14 00:05:48] => Trial [1/3] Cycle [3/10] Epoch [10/200] Labeled Set Size [3000] Loss [backbone: 2.75e-06, Loss_classifier: 1.01, Loss_init: 2.33]
[2021/07/14 00:09:48] => Trial [1/3] Cycle [3/10] Epoch [20/200] Labeled Set Size [3000] Loss [backbone: 1.49e-06, Loss_classifier: 0.621, Loss_init: 0.897]
[2021/07/14 00:13:48] => Trial [1/3] Cycle [3/10] Epoch [30/200] Labeled Set Size [3000] Loss [backbone: 2.56e-06, Loss_classifier: 0.636, Loss_init: 0.875]
[2021/07/14 00:17:25] => Trial [1/3] Cycle [3/10] Epoch [40/200] Labeled Set Size [3000] Loss [backbone: 3.01e-06, Loss_classifier: 0.535, Loss_init: 0.393]
[2021/07/14 00:20:37] => Trial [1/3] Cycle [3/10] Epoch [50/200] Labeled Set Size [3000] Loss [backbone: 6.15e-06, Loss_classifier: 0.502, Loss_init: 0.88]
[2021/07/14 00:23:24] => Trial [1/3] Cycle [3/10] Epoch [60/200] Labeled Set Size [3000] Loss [backbone: 3.37e-06, Loss_classifier: 0.686, Loss_init: 0.527]
[2021/07/14 00:25:54] => Trial [1/3] Cycle [3/10] Epoch [70/200] Labeled Set Size [3000] Loss [backbone: 2.46e-06, Loss_classifier: 0.243, Loss_init: 0.827]
[2021/07/14 00:28:45] => Trial [1/3] Cycle [3/10] Epoch [80/200] Labeled Set Size [3000] Loss [backbone: 2.41e-06, Loss_classifier: 0.319, Loss_init: 0.839]
[2021/07/14 00:31:37] => Trial [1/3] Cycle [3/10] Epoch [90/200] Labeled Set Size [3000] Loss [backbone: 1.76e-06, Loss_classifier: 0.542, Loss_init: 0.511]
[2021/07/14 00:34:22] => Trial [1/3] Cycle [3/10] Epoch [100/200] Labeled Set Size [3000] Loss [backbone: 4.39e-06, Loss_classifier: 0.254, Loss_init: 0.757]
[2021/07/14 00:37:17] => Trial [1/3] Cycle [3/10] Epoch [110/200] Labeled Set Size [3000] Loss [backbone: 4.12e-06, Loss_classifier: 0.306, Loss_init: 0.43]
[2021/07/14 00:40:28] => Trial [1/3] Cycle [3/10] Epoch [120/200] Labeled Set Size [3000] Loss [backbone: 4.34e-06, Loss_classifier: 0.592, Loss_init: 1.34]
[2021/07/14 00:43:41] => Trial [1/3] Cycle [3/10] Epoch [130/200] Labeled Set Size [3000] Loss [backbone: 4.68e-06, Loss_classifier: 0.596, Loss_init: 1.77]
[2021/07/14 00:47:05] => Trial [1/3] Cycle [3/10] Epoch [140/200] Labeled Set Size [3000] Loss [backbone: 3.24e-06, Loss_classifier: 0.103, Loss_init: 0.815]
[2021/07/14 00:50:28] => Trial [1/3] Cycle [3/10] Epoch [150/200] Labeled Set Size [3000] Loss [backbone: 3.99e-06, Loss_classifier: 0.442, Loss_init: 0.84]
[2021/07/14 00:53:42] => Trial [1/3] Cycle [3/10] Epoch [160/200] Labeled Set Size [3000] Loss [backbone: 1.96e-06, Loss_classifier: 0.47, Loss_init: 0.963]
[2021/07/14 00:56:49] => Trial [1/3] Cycle [3/10] Epoch [170/200] Labeled Set Size [3000] Loss [backbone: 4.65e-06, Loss_classifier: 0.0556, Loss_init: 0.0904]
[2021/07/14 00:59:52] => Trial [1/3] Cycle [3/10] Epoch [180/200] Labeled Set Size [3000] Loss [backbone: 2.55e-06, Loss_classifier: 0.0371, Loss_init: 0.0299]
[2021/07/14 01:02:56] => Trial [1/3] Cycle [3/10] Epoch [190/200] Labeled Set Size [3000] Loss [backbone: 1.71e-06, Loss_classifier: 0.0324, Loss_init: 0.0395]
[2021/07/14 01:06:00] => Trial [1/3] Cycle [3/10] Epoch [200/200] Labeled Set Size [3000] Loss [backbone: 1.94e-06, Loss_classifier: 0.0309, Loss_init: 0.0245]
[2021/07/14 01:06:04] => Trial [1/3] Cycle [3/10] Labeled Set Size [3000] Test [acc1: 75.5, acc2: 75.5, acc: 75.5]
[2021/07/14 01:06:33] => Trial [1/3] Cycle [4/10] Epoch [1/200] Labeled Set Size [4000] Loss [backbone: 5.84e-06, Loss_classifier: 2.23, Loss_init: 2.46]
[2021/07/14 01:09:28] => Trial [1/3] Cycle [4/10] Epoch [10/200] Labeled Set Size [4000] Loss [backbone: 3.66e-06, Loss_classifier: 1.04, Loss_init: 2.21]
[2021/07/14 01:12:38] => Trial [1/3] Cycle [4/10] Epoch [20/200] Labeled Set Size [4000] Loss [backbone: 3.13e-06, Loss_classifier: 0.604, Loss_init: 0.785]
[2021/07/14 01:16:06] => Trial [1/3] Cycle [4/10] Epoch [30/200] Labeled Set Size [4000] Loss [backbone: 4.61e-06, Loss_classifier: 0.564, Loss_init: 1.25]
[2021/07/14 01:19:29] => Trial [1/3] Cycle [4/10] Epoch [40/200] Labeled Set Size [4000] Loss [backbone: 4.01e-06, Loss_classifier: 0.642, Loss_init: 1.54]
[2021/07/14 01:22:58] => Trial [1/3] Cycle [4/10] Epoch [50/200] Labeled Set Size [4000] Loss [backbone: 4.78e-06, Loss_classifier: 0.481, Loss_init: 0.295]
[2021/07/14 01:26:32] => Trial [1/3] Cycle [4/10] Epoch [60/200] Labeled Set Size [4000] Loss [backbone: 3.61e-06, Loss_classifier: 0.316, Loss_init: 0.714]
[2021/07/14 01:30:19] => Trial [1/3] Cycle [4/10] Epoch [70/200] Labeled Set Size [4000] Loss [backbone: 2.63e-06, Loss_classifier: 0.612, Loss_init: 0.552]
[2021/07/14 01:33:58] => Trial [1/3] Cycle [4/10] Epoch [80/200] Labeled Set Size [4000] Loss [backbone: 4.01e-06, Loss_classifier: 0.592, Loss_init: 1.21]
[2021/07/14 01:37:25] => Trial [1/3] Cycle [4/10] Epoch [90/200] Labeled Set Size [4000] Loss [backbone: 6.32e-06, Loss_classifier: 0.178, Loss_init: 0.787]
[2021/07/14 01:41:01] => Trial [1/3] Cycle [4/10] Epoch [100/200] Labeled Set Size [4000] Loss [backbone: 4.33e-06, Loss_classifier: 0.485, Loss_init: 1.19]
[2021/07/14 01:44:30] => Trial [1/3] Cycle [4/10] Epoch [110/200] Labeled Set Size [4000] Loss [backbone: 3.74e-06, Loss_classifier: 0.39, Loss_init: 2.4]
[2021/07/14 01:47:52] => Trial [1/3] Cycle [4/10] Epoch [120/200] Labeled Set Size [4000] Loss [backbone: 3.87e-06, Loss_classifier: 0.437, Loss_init: 0.384]
[2021/07/14 01:51:09] => Trial [1/3] Cycle [4/10] Epoch [130/200] Labeled Set Size [4000] Loss [backbone: 6e-06, Loss_classifier: 0.372, Loss_init: 1.46]
[2021/07/14 01:54:21] => Trial [1/3] Cycle [4/10] Epoch [140/200] Labeled Set Size [4000] Loss [backbone: 3.94e-06, Loss_classifier: 0.408, Loss_init: 0.272]
[2021/07/14 01:57:31] => Trial [1/3] Cycle [4/10] Epoch [150/200] Labeled Set Size [4000] Loss [backbone: 5.16e-06, Loss_classifier: 0.259, Loss_init: 0.663]
[2021/07/14 02:00:49] => Trial [1/3] Cycle [4/10] Epoch [160/200] Labeled Set Size [4000] Loss [backbone: 5.86e-06, Loss_classifier: 0.483, Loss_init: 0.414]
[2021/07/14 02:04:33] => Trial [1/3] Cycle [4/10] Epoch [170/200] Labeled Set Size [4000] Loss [backbone: 2.88e-06, Loss_classifier: 0.0581, Loss_init: 0.0526]
[2021/07/14 02:08:14] => Trial [1/3] Cycle [4/10] Epoch [180/200] Labeled Set Size [4000] Loss [backbone: 2.95e-06, Loss_classifier: 0.0322, Loss_init: 0.129]
[2021/07/14 02:11:59] => Trial [1/3] Cycle [4/10] Epoch [190/200] Labeled Set Size [4000] Loss [backbone: 2.97e-06, Loss_classifier: 0.0268, Loss_init: 0.0835]
[2021/07/14 02:15:39] => Trial [1/3] Cycle [4/10] Epoch [200/200] Labeled Set Size [4000] Loss [backbone: 1.75e-06, Loss_classifier: 0.0261, Loss_init: 0.0201]
[2021/07/14 02:15:44] => Trial [1/3] Cycle [4/10] Labeled Set Size [4000] Test [acc1: 81.1, acc2: 81.1, acc: 81.1]
[2021/07/14 02:16:20] => Trial [1/3] Cycle [5/10] Epoch [1/200] Labeled Set Size [5000] Loss [backbone: 3.54e-06, Loss_classifier: 2.32, Loss_init: 3.44]
[2021/07/14 02:19:59] => Trial [1/3] Cycle [5/10] Epoch [10/200] Labeled Set Size [5000] Loss [backbone: 3.56e-06, Loss_classifier: 1.16, Loss_init: 3.26]
[2021/07/14 02:23:45] => Trial [1/3] Cycle [5/10] Epoch [20/200] Labeled Set Size [5000] Loss [backbone: 4.61e-06, Loss_classifier: 0.783, Loss_init: 2.27]
[2021/07/14 02:27:26] => Trial [1/3] Cycle [5/10] Epoch [30/200] Labeled Set Size [5000] Loss [backbone: 2.46e-05, Loss_classifier: 0.782, Loss_init: 2.97]
[2021/07/14 02:31:15] => Trial [1/3] Cycle [5/10] Epoch [40/200] Labeled Set Size [5000] Loss [backbone: 1.67e-05, Loss_classifier: 0.956, Loss_init: 1.5]
[2021/07/14 02:34:52] => Trial [1/3] Cycle [5/10] Epoch [50/200] Labeled Set Size [5000] Loss [backbone: 1.42e-05, Loss_classifier: 0.689, Loss_init: 4.27]
[2021/07/14 02:38:26] => Trial [1/3] Cycle [5/10] Epoch [60/200] Labeled Set Size [5000] Loss [backbone: 1.27e-05, Loss_classifier: 0.618, Loss_init: 5.06]
[2021/07/14 02:41:54] => Trial [1/3] Cycle [5/10] Epoch [70/200] Labeled Set Size [5000] Loss [backbone: 1.09e-05, Loss_classifier: 0.438, Loss_init: 0.596]
[2021/07/14 02:45:25] => Trial [1/3] Cycle [5/10] Epoch [80/200] Labeled Set Size [5000] Loss [backbone: 1.04e-05, Loss_classifier: 0.666, Loss_init: 6.97]
[2021/07/14 02:48:50] => Trial [1/3] Cycle [5/10] Epoch [90/200] Labeled Set Size [5000] Loss [backbone: 8.94e-06, Loss_classifier: 0.826, Loss_init: 2.55]
[2021/07/14 02:52:58] => Trial [1/3] Cycle [5/10] Epoch [100/200] Labeled Set Size [5000] Loss [backbone: 9.38e-06, Loss_classifier: 0.878, Loss_init: 0.183]
[2021/07/14 02:57:12] => Trial [1/3] Cycle [5/10] Epoch [110/200] Labeled Set Size [5000] Loss [backbone: 1.36e-05, Loss_classifier: 0.671, Loss_init: 2.68]
[2021/07/14 03:01:21] => Trial [1/3] Cycle [5/10] Epoch [120/200] Labeled Set Size [5000] Loss [backbone: 9.11e-06, Loss_classifier: 0.752, Loss_init: 0.92]
[2021/07/14 03:05:27] => Trial [1/3] Cycle [5/10] Epoch [130/200] Labeled Set Size [5000] Loss [backbone: 6.37e-06, Loss_classifier: 0.799, Loss_init: 1.26]
[2021/07/14 03:09:34] => Trial [1/3] Cycle [5/10] Epoch [140/200] Labeled Set Size [5000] Loss [backbone: 1.04e-05, Loss_classifier: 0.762, Loss_init: 4.2]
[2021/07/14 03:13:37] => Trial [1/3] Cycle [5/10] Epoch [150/200] Labeled Set Size [5000] Loss [backbone: 7.98e-06, Loss_classifier: 0.846, Loss_init: 2.99]
[2021/07/14 03:17:34] => Trial [1/3] Cycle [5/10] Epoch [160/200] Labeled Set Size [5000] Loss [backbone: 9.62e-06, Loss_classifier: 1.52, Loss_init: 0.778]
[2021/07/14 03:21:27] => Trial [1/3] Cycle [5/10] Epoch [170/200] Labeled Set Size [5000] Loss [backbone: 5.81e-06, Loss_classifier: 0.191, Loss_init: 0.0801]
[2021/07/14 03:25:09] => Trial [1/3] Cycle [5/10] Epoch [180/200] Labeled Set Size [5000] Loss [backbone: 6.69e-06, Loss_classifier: 0.0586, Loss_init: 0.224]
[2021/07/14 03:28:57] => Trial [1/3] Cycle [5/10] Epoch [190/200] Labeled Set Size [5000] Loss [backbone: 7.1e-06, Loss_classifier: 0.0833, Loss_init: 0.485]
[2021/07/14 03:32:31] => Trial [1/3] Cycle [5/10] Epoch [200/200] Labeled Set Size [5000] Loss [backbone: 6.95e-06, Loss_classifier: 0.116, Loss_init: 0.121]
[2021/07/14 03:32:37] => Trial [1/3] Cycle [5/10] Labeled Set Size [5000] Test [acc1: 82.5, acc2: 82.4, acc: 82.4]
[2021/07/14 03:33:09] => Trial [1/3] Cycle [6/10] Epoch [1/200] Labeled Set Size [6000] Loss [backbone: 1.22e-05, Loss_classifier: 1.6, Loss_init: 1.6]
[2021/07/14 03:36:27] => Trial [1/3] Cycle [6/10] Epoch [10/200] Labeled Set Size [6000] Loss [backbone: 9.24e-06, Loss_classifier: 1.22, Loss_init: 1.37]
[2021/07/14 03:40:48] => Trial [1/3] Cycle [6/10] Epoch [20/200] Labeled Set Size [6000] Loss [backbone: 4.09e-06, Loss_classifier: 0.748, Loss_init: 1.09]
[2021/07/14 03:45:24] => Trial [1/3] Cycle [6/10] Epoch [30/200] Labeled Set Size [6000] Loss [backbone: 7.37e-06, Loss_classifier: 0.807, Loss_init: 0.425]
[2021/07/14 03:49:51] => Trial [1/3] Cycle [6/10] Epoch [40/200] Labeled Set Size [6000] Loss [backbone: 5.23e-06, Loss_classifier: 0.48, Loss_init: 1.15]
[2021/07/14 03:54:19] => Trial [1/3] Cycle [6/10] Epoch [50/200] Labeled Set Size [6000] Loss [backbone: 3.52e-06, Loss_classifier: 0.69, Loss_init: 0.863]
[2021/07/14 03:58:49] => Trial [1/3] Cycle [6/10] Epoch [60/200] Labeled Set Size [6000] Loss [backbone: 4.43e-06, Loss_classifier: 1.1, Loss_init: 0.763]
[2021/07/14 04:03:11] => Trial [1/3] Cycle [6/10] Epoch [70/200] Labeled Set Size [6000] Loss [backbone: 7.99e-06, Loss_classifier: 0.552, Loss_init: 1.03]
[2021/07/14 04:07:15] => Trial [1/3] Cycle [6/10] Epoch [80/200] Labeled Set Size [6000] Loss [backbone: 5.34e-06, Loss_classifier: 0.862, Loss_init: 0.793]
[2021/07/14 04:11:07] => Trial [1/3] Cycle [6/10] Epoch [90/200] Labeled Set Size [6000] Loss [backbone: 4.44e-06, Loss_classifier: 0.352, Loss_init: 0.795]
[2021/07/14 04:15:49] => Trial [1/3] Cycle [6/10] Epoch [100/200] Labeled Set Size [6000] Loss [backbone: 4.27e-06, Loss_classifier: 0.38, Loss_init: 0.504]
[2021/07/14 04:20:18] => Trial [1/3] Cycle [6/10] Epoch [110/200] Labeled Set Size [6000] Loss [backbone: 5.96e-06, Loss_classifier: 0.722, Loss_init: 1.04]
[2021/07/14 04:24:46] => Trial [1/3] Cycle [6/10] Epoch [120/200] Labeled Set Size [6000] Loss [backbone: 6.98e-06, Loss_classifier: 0.538, Loss_init: 1.28]
[2021/07/14 04:29:13] => Trial [1/3] Cycle [6/10] Epoch [130/200] Labeled Set Size [6000] Loss [backbone: 6.85e-06, Loss_classifier: 0.623, Loss_init: 1.56]
[2021/07/14 04:33:38] => Trial [1/3] Cycle [6/10] Epoch [140/200] Labeled Set Size [6000] Loss [backbone: 6.71e-06, Loss_classifier: 0.593, Loss_init: 1.52]
[2021/07/14 04:37:54] => Trial [1/3] Cycle [6/10] Epoch [150/200] Labeled Set Size [6000] Loss [backbone: 7.62e-06, Loss_classifier: 0.736, Loss_init: 0.548]
[2021/07/14 04:42:02] => Trial [1/3] Cycle [6/10] Epoch [160/200] Labeled Set Size [6000] Loss [backbone: 3.31e-06, Loss_classifier: 0.623, Loss_init: 0.977]
[2021/07/14 04:45:49] => Trial [1/3] Cycle [6/10] Epoch [170/200] Labeled Set Size [6000] Loss [backbone: 3.15e-06, Loss_classifier: 0.0298, Loss_init: 0.0352]
[2021/07/14 04:49:49] => Trial [1/3] Cycle [6/10] Epoch [180/200] Labeled Set Size [6000] Loss [backbone: 3.27e-06, Loss_classifier: 0.0272, Loss_init: 0.0437]
[2021/07/14 04:53:35] => Trial [1/3] Cycle [6/10] Epoch [190/200] Labeled Set Size [6000] Loss [backbone: 5.69e-06, Loss_classifier: 0.0243, Loss_init: 0.0213]
[2021/07/14 04:57:27] => Trial [1/3] Cycle [6/10] Epoch [200/200] Labeled Set Size [6000] Loss [backbone: 3.59e-06, Loss_classifier: 0.0254, Loss_init: 0.0443]
[2021/07/14 04:57:33] => Trial [1/3] Cycle [6/10] Labeled Set Size [6000] Test [acc1: 86.1, acc2: 86, acc: 86.1]
[2021/07/14 04:58:19] => Trial [1/3] Cycle [7/10] Epoch [1/200] Labeled Set Size [7000] Loss [backbone: 8.6e-06, Loss_classifier: 1.23, Loss_init: 1.75]
[2021/07/14 05:02:40] => Trial [1/3] Cycle [7/10] Epoch [10/200] Labeled Set Size [7000] Loss [backbone: 5.3e-06, Loss_classifier: 0.878, Loss_init: 1.82]
[2021/07/14 05:07:20] => Trial [1/3] Cycle [7/10] Epoch [20/200] Labeled Set Size [7000] Loss [backbone: 5.72e-06, Loss_classifier: 0.692, Loss_init: 1.37]
[2021/07/14 05:11:38] => Trial [1/3] Cycle [7/10] Epoch [30/200] Labeled Set Size [7000] Loss [backbone: 9.26e-06, Loss_classifier: 0.496, Loss_init: 0.86]
[2021/07/14 05:16:06] => Trial [1/3] Cycle [7/10] Epoch [40/200] Labeled Set Size [7000] Loss [backbone: 5.31e-06, Loss_classifier: 0.341, Loss_init: 1.46]
[2021/07/14 05:20:34] => Trial [1/3] Cycle [7/10] Epoch [50/200] Labeled Set Size [7000] Loss [backbone: 5.78e-06, Loss_classifier: 0.476, Loss_init: 0.588]
[2021/07/14 05:24:58] => Trial [1/3] Cycle [7/10] Epoch [60/200] Labeled Set Size [7000] Loss [backbone: 5.77e-06, Loss_classifier: 0.796, Loss_init: 1.06]
[2021/07/14 05:29:25] => Trial [1/3] Cycle [7/10] Epoch [70/200] Labeled Set Size [7000] Loss [backbone: 3.94e-06, Loss_classifier: 0.774, Loss_init: 0.788]
[2021/07/14 05:33:37] => Trial [1/3] Cycle [7/10] Epoch [80/200] Labeled Set Size [7000] Loss [backbone: 6.95e-06, Loss_classifier: 0.69, Loss_init: 0.479]
[2021/07/14 05:37:35] => Trial [1/3] Cycle [7/10] Epoch [90/200] Labeled Set Size [7000] Loss [backbone: 9.05e-06, Loss_classifier: 0.424, Loss_init: 0.438]
[2021/07/14 05:41:29] => Trial [1/3] Cycle [7/10] Epoch [100/200] Labeled Set Size [7000] Loss [backbone: 9.02e-06, Loss_classifier: 0.428, Loss_init: 1.23]
[2021/07/14 05:45:38] => Trial [1/3] Cycle [7/10] Epoch [110/200] Labeled Set Size [7000] Loss [backbone: 7.99e-06, Loss_classifier: 0.556, Loss_init: 1.25]
[2021/07/14 05:50:18] => Trial [1/3] Cycle [7/10] Epoch [120/200] Labeled Set Size [7000] Loss [backbone: 4.62e-06, Loss_classifier: 0.849, Loss_init: 0.614]
[2021/07/14 05:55:04] => Trial [1/3] Cycle [7/10] Epoch [130/200] Labeled Set Size [7000] Loss [backbone: 5.69e-06, Loss_classifier: 0.533, Loss_init: 0.933]
[2021/07/14 05:59:38] => Trial [1/3] Cycle [7/10] Epoch [140/200] Labeled Set Size [7000] Loss [backbone: 6.55e-06, Loss_classifier: 0.557, Loss_init: 1.47]
[2021/07/14 06:04:20] => Trial [1/3] Cycle [7/10] Epoch [150/200] Labeled Set Size [7000] Loss [backbone: 9.35e-06, Loss_classifier: 0.434, Loss_init: 1.03]
[2021/07/14 06:08:58] => Trial [1/3] Cycle [7/10] Epoch [160/200] Labeled Set Size [7000] Loss [backbone: 5.24e-06, Loss_classifier: 0.369, Loss_init: 1.29]
[2021/07/14 06:13:19] => Trial [1/3] Cycle [7/10] Epoch [170/200] Labeled Set Size [7000] Loss [backbone: 1.82e-06, Loss_classifier: 0.0472, Loss_init: 0.0337]
[2021/07/14 06:17:26] => Trial [1/3] Cycle [7/10] Epoch [180/200] Labeled Set Size [7000] Loss [backbone: 2.67e-06, Loss_classifier: 0.0399, Loss_init: 0.104]
[2021/07/14 06:23:00] => Trial [1/3] Cycle [7/10] Epoch [190/200] Labeled Set Size [7000] Loss [backbone: 2.73e-06, Loss_classifier: 0.0239, Loss_init: 0.0225]
[2021/07/14 06:29:16] => Trial [1/3] Cycle [7/10] Epoch [200/200] Labeled Set Size [7000] Loss [backbone: 3.08e-06, Loss_classifier: 0.0258, Loss_init: 0.0205]
[2021/07/14 06:29:22] => Trial [1/3] Cycle [7/10] Labeled Set Size [7000] Test [acc1: 87.8, acc2: 87.8, acc: 87.8]
[2021/07/14 06:30:24] => Trial [1/3] Cycle [8/10] Epoch [1/200] Labeled Set Size [8000] Loss [backbone: 6.55e-06, Loss_classifier: 1.53, Loss_init: 2.22]
[2021/07/14 06:36:52] => Trial [1/3] Cycle [8/10] Epoch [10/200] Labeled Set Size [8000] Loss [backbone: 5.71e-06, Loss_classifier: 0.73, Loss_init: 0.906]
[2021/07/14 06:44:27] => Trial [1/3] Cycle [8/10] Epoch [20/200] Labeled Set Size [8000] Loss [backbone: 6.47e-06, Loss_classifier: 0.771, Loss_init: 1.03]
[2021/07/14 06:51:38] => Trial [1/3] Cycle [8/10] Epoch [30/200] Labeled Set Size [8000] Loss [backbone: 5.9e-06, Loss_classifier: 0.721, Loss_init: 0.617]
[2021/07/14 06:58:31] => Trial [1/3] Cycle [8/10] Epoch [40/200] Labeled Set Size [8000] Loss [backbone: 5.04e-06, Loss_classifier: 0.981, Loss_init: 0.407]
[2021/07/14 07:05:16] => Trial [1/3] Cycle [8/10] Epoch [50/200] Labeled Set Size [8000] Loss [backbone: 4.89e-06, Loss_classifier: 0.424, Loss_init: 1.66]
[2021/07/14 07:11:52] => Trial [1/3] Cycle [8/10] Epoch [60/200] Labeled Set Size [8000] Loss [backbone: 8.41e-06, Loss_classifier: 0.671, Loss_init: 0.384]
[2021/07/14 07:18:25] => Trial [1/3] Cycle [8/10] Epoch [70/200] Labeled Set Size [8000] Loss [backbone: 5.23e-06, Loss_classifier: 0.904, Loss_init: 0.841]
[2021/07/14 07:25:16] => Trial [1/3] Cycle [8/10] Epoch [80/200] Labeled Set Size [8000] Loss [backbone: 7.33e-06, Loss_classifier: 0.873, Loss_init: 1.11]
[2021/07/14 07:32:27] => Trial [1/3] Cycle [8/10] Epoch [90/200] Labeled Set Size [8000] Loss [backbone: 4.38e-06, Loss_classifier: 0.906, Loss_init: 0.96]
[2021/07/14 07:39:47] => Trial [1/3] Cycle [8/10] Epoch [100/200] Labeled Set Size [8000] Loss [backbone: 4.39e-06, Loss_classifier: 0.764, Loss_init: 1.64]
[2021/07/14 07:47:05] => Trial [1/3] Cycle [8/10] Epoch [110/200] Labeled Set Size [8000] Loss [backbone: 3.11e-06, Loss_classifier: 0.607, Loss_init: 0.525]
[2021/07/14 07:54:04] => Trial [1/3] Cycle [8/10] Epoch [120/200] Labeled Set Size [8000] Loss [backbone: 5.63e-06, Loss_classifier: 0.543, Loss_init: 0.529]
[2021/07/14 08:00:49] => Trial [1/3] Cycle [8/10] Epoch [130/200] Labeled Set Size [8000] Loss [backbone: 4.01e-06, Loss_classifier: 0.959, Loss_init: 1.26]
[2021/07/14 08:07:28] => Trial [1/3] Cycle [8/10] Epoch [140/200] Labeled Set Size [8000] Loss [backbone: 3.58e-06, Loss_classifier: 0.664, Loss_init: 1.32]
[2021/07/14 08:14:44] => Trial [1/3] Cycle [8/10] Epoch [150/200] Labeled Set Size [8000] Loss [backbone: 3.89e-06, Loss_classifier: 0.476, Loss_init: 1]
[2021/07/14 08:22:04] => Trial [1/3] Cycle [8/10] Epoch [160/200] Labeled Set Size [8000] Loss [backbone: 6.28e-06, Loss_classifier: 0.85, Loss_init: 1.15]
[2021/07/14 08:29:58] => Trial [1/3] Cycle [8/10] Epoch [170/200] Labeled Set Size [8000] Loss [backbone: 4.34e-06, Loss_classifier: 0.0395, Loss_init: 0.0949]
[2021/07/14 08:37:29] => Trial [1/3] Cycle [8/10] Epoch [180/200] Labeled Set Size [8000] Loss [backbone: 1.61e-06, Loss_classifier: 0.0341, Loss_init: 0.186]
[2021/07/14 08:44:43] => Trial [1/3] Cycle [8/10] Epoch [190/200] Labeled Set Size [8000] Loss [backbone: 2.02e-06, Loss_classifier: 0.0762, Loss_init: 0.0269]
[2021/07/14 08:52:28] => Trial [1/3] Cycle [8/10] Epoch [200/200] Labeled Set Size [8000] Loss [backbone: 1.9e-06, Loss_classifier: 0.0257, Loss_init: 0.0173]
[2021/07/14 08:52:35] => Trial [1/3] Cycle [8/10] Labeled Set Size [8000] Test [acc1: 88.5, acc2: 88.6, acc: 88.5]
[2021/07/14 08:53:46] => Trial [1/3] Cycle [9/10] Epoch [1/200] Labeled Set Size [9000] Loss [backbone: 5.12e-06, Loss_classifier: 2.18, Loss_init: 2.27]
[2021/07/14 09:00:33] => Trial [1/3] Cycle [9/10] Epoch [10/200] Labeled Set Size [9000] Loss [backbone: 4.1e-06, Loss_classifier: 0.976, Loss_init: 0.626]
[2021/07/14 09:08:01] => Trial [1/3] Cycle [9/10] Epoch [20/200] Labeled Set Size [9000] Loss [backbone: 4.04e-06, Loss_classifier: 1.21, Loss_init: 1.26]
[2021/07/14 09:15:25] => Trial [1/3] Cycle [9/10] Epoch [30/200] Labeled Set Size [9000] Loss [backbone: 4.91e-06, Loss_classifier: 0.853, Loss_init: 1.06]
[2021/07/14 09:22:44] => Trial [1/3] Cycle [9/10] Epoch [40/200] Labeled Set Size [9000] Loss [backbone: 3.32e-06, Loss_classifier: 0.548, Loss_init: 1.04]
[2021/07/14 09:30:35] => Trial [1/3] Cycle [9/10] Epoch [50/200] Labeled Set Size [9000] Loss [backbone: 4.24e-06, Loss_classifier: 0.896, Loss_init: 1.69]
[2021/07/14 09:38:18] => Trial [1/3] Cycle [9/10] Epoch [60/200] Labeled Set Size [9000] Loss [backbone: 4.25e-06, Loss_classifier: 0.664, Loss_init: 1.53]
[2021/07/14 09:45:55] => Trial [1/3] Cycle [9/10] Epoch [70/200] Labeled Set Size [9000] Loss [backbone: 5.03e-06, Loss_classifier: 0.606, Loss_init: 1.35]
[2021/07/14 09:53:03] => Trial [1/3] Cycle [9/10] Epoch [80/200] Labeled Set Size [9000] Loss [backbone: 4.46e-06, Loss_classifier: 0.871, Loss_init: 0.585]
[2021/07/14 10:00:20] => Trial [1/3] Cycle [9/10] Epoch [90/200] Labeled Set Size [9000] Loss [backbone: 6.86e-06, Loss_classifier: 0.702, Loss_init: 1.05]
[2021/07/14 10:07:43] => Trial [1/3] Cycle [9/10] Epoch [100/200] Labeled Set Size [9000] Loss [backbone: 5.14e-06, Loss_classifier: 0.89, Loss_init: 1.46]
[2021/07/14 10:14:49] => Trial [1/3] Cycle [9/10] Epoch [110/200] Labeled Set Size [9000] Loss [backbone: 4.38e-06, Loss_classifier: 0.534, Loss_init: 1.02]
[2021/07/14 10:21:59] => Trial [1/3] Cycle [9/10] Epoch [120/200] Labeled Set Size [9000] Loss [backbone: 8.26e-06, Loss_classifier: 0.91, Loss_init: 0.824]
[2021/07/14 10:29:11] => Trial [1/3] Cycle [9/10] Epoch [130/200] Labeled Set Size [9000] Loss [backbone: 8.82e-06, Loss_classifier: 0.919, Loss_init: 1.66]
[2021/07/14 10:36:17] => Trial [1/3] Cycle [9/10] Epoch [140/200] Labeled Set Size [9000] Loss [backbone: 8.44e-06, Loss_classifier: 0.811, Loss_init: 0.932]
[2021/07/14 10:43:23] => Trial [1/3] Cycle [9/10] Epoch [150/200] Labeled Set Size [9000] Loss [backbone: 6.82e-06, Loss_classifier: 0.569, Loss_init: 1.83]
[2021/07/14 10:50:22] => Trial [1/3] Cycle [9/10] Epoch [160/200] Labeled Set Size [9000] Loss [backbone: 5.65e-06, Loss_classifier: 0.566, Loss_init: 0.791]
[2021/07/14 10:57:30] => Trial [1/3] Cycle [9/10] Epoch [170/200] Labeled Set Size [9000] Loss [backbone: 2.33e-06, Loss_classifier: 0.0401, Loss_init: 0.0535]
[2021/07/14 11:04:31] => Trial [1/3] Cycle [9/10] Epoch [180/200] Labeled Set Size [9000] Loss [backbone: 2.51e-06, Loss_classifier: 0.0457, Loss_init: 0.0318]
[2021/07/14 11:11:33] => Trial [1/3] Cycle [9/10] Epoch [190/200] Labeled Set Size [9000] Loss [backbone: 2.7e-06, Loss_classifier: 0.0473, Loss_init: 0.0269]
[2021/07/14 11:18:36] => Trial [1/3] Cycle [9/10] Epoch [200/200] Labeled Set Size [9000] Loss [backbone: 1.79e-06, Loss_classifier: 0.0341, Loss_init: 0.0225]
[2021/07/14 11:18:44] => Trial [1/3] Cycle [9/10] Labeled Set Size [9000] Test [acc1: 90.1, acc2: 90, acc: 90.1]
[2021/07/14 11:19:49] => Trial [1/3] Cycle [10/10] Epoch [1/200] Labeled Set Size [10000] Loss [backbone: 1.19e-05, Loss_classifier: 4.05, Loss_init: 2.71]
[2021/07/14 11:26:25] => Trial [1/3] Cycle [10/10] Epoch [10/200] Labeled Set Size [10000] Loss [backbone: 9.23e-06, Loss_classifier: 1.52, Loss_init: 1.56]
[2021/07/14 11:33:42] => Trial [1/3] Cycle [10/10] Epoch [20/200] Labeled Set Size [10000] Loss [backbone: 8.91e-06, Loss_classifier: 1.22, Loss_init: 1.7]
[2021/07/14 11:40:52] => Trial [1/3] Cycle [10/10] Epoch [30/200] Labeled Set Size [10000] Loss [backbone: 8.8e-06, Loss_classifier: 0.747, Loss_init: 2.44]
[2021/07/14 11:47:54] => Trial [1/3] Cycle [10/10] Epoch [40/200] Labeled Set Size [10000] Loss [backbone: 5.83e-06, Loss_classifier: 1.16, Loss_init: 1.13]
[2021/07/14 11:53:48] => Trial [1/3] Cycle [10/10] Epoch [50/200] Labeled Set Size [10000] Loss [backbone: 9.1e-06, Loss_classifier: 0.95, Loss_init: 0.77]
[2021/07/14 12:00:17] => Trial [1/3] Cycle [10/10] Epoch [60/200] Labeled Set Size [10000] Loss [backbone: 6.89e-06, Loss_classifier: 0.328, Loss_init: 1.12]
[2021/07/14 12:05:56] => Trial [1/3] Cycle [10/10] Epoch [70/200] Labeled Set Size [10000] Loss [backbone: 1.23e-05, Loss_classifier: 0.585, Loss_init: 1.87]
[2021/07/14 12:12:17] => Trial [1/3] Cycle [10/10] Epoch [80/200] Labeled Set Size [10000] Loss [backbone: 1.19e-05, Loss_classifier: 0.52, Loss_init: 2.66]
[2021/07/14 12:18:49] => Trial [1/3] Cycle [10/10] Epoch [90/200] Labeled Set Size [10000] Loss [backbone: 1.03e-05, Loss_classifier: 3.64, Loss_init: 0.782]
[2021/07/14 12:25:00] => Trial [1/3] Cycle [10/10] Epoch [100/200] Labeled Set Size [10000] Loss [backbone: 7.43e-06, Loss_classifier: 1.31, Loss_init: 1.85]
[2021/07/14 12:30:17] => Trial [1/3] Cycle [10/10] Epoch [110/200] Labeled Set Size [10000] Loss [backbone: 1.62e-05, Loss_classifier: 1.68, Loss_init: 2.13]
[2021/07/14 12:36:00] => Trial [1/3] Cycle [10/10] Epoch [120/200] Labeled Set Size [10000] Loss [backbone: 1.14e-05, Loss_classifier: 0.658, Loss_init: 1.65]
[2021/07/14 12:42:39] => Trial [1/3] Cycle [10/10] Epoch [130/200] Labeled Set Size [10000] Loss [backbone: 1.14e-05, Loss_classifier: 3.33, Loss_init: 1.51]
[2021/07/14 12:49:11] => Trial [1/3] Cycle [10/10] Epoch [140/200] Labeled Set Size [10000] Loss [backbone: 1.46e-05, Loss_classifier: 1.07, Loss_init: 3.33]
[2021/07/14 12:55:40] => Trial [1/3] Cycle [10/10] Epoch [150/200] Labeled Set Size [10000] Loss [backbone: 1.3e-05, Loss_classifier: 1.93, Loss_init: 1.13]
[2021/07/14 13:02:02] => Trial [1/3] Cycle [10/10] Epoch [160/200] Labeled Set Size [10000] Loss [backbone: 1.48e-05, Loss_classifier: 0.777, Loss_init: 1.26]
[2021/07/14 13:08:28] => Trial [1/3] Cycle [10/10] Epoch [170/200] Labeled Set Size [10000] Loss [backbone: 8.64e-06, Loss_classifier: 0.129, Loss_init: 0.0508]
[2021/07/14 13:14:47] => Trial [1/3] Cycle [10/10] Epoch [180/200] Labeled Set Size [10000] Loss [backbone: 9.36e-06, Loss_classifier: 0.674, Loss_init: 0.202]
[2021/07/14 13:21:15] => Trial [1/3] Cycle [10/10] Epoch [190/200] Labeled Set Size [10000] Loss [backbone: 9.21e-06, Loss_classifier: 0.0826, Loss_init: 0.0679]
[2021/07/14 13:27:46] => Trial [1/3] Cycle [10/10] Epoch [200/200] Labeled Set Size [10000] Loss [backbone: 1.28e-05, Loss_classifier: 0.0472, Loss_init: 0.0619]
[2021/07/14 13:27:51] => Trial [1/3] Cycle [10/10] Labeled Set Size [10000] Test [acc1: 90.5, acc2: 90.5, acc: 90.5]
[2021/07/14 13:28:29] => Trial [2/3] Cycle [1/10] Epoch [1/200] Labeled Set Size [1000] Loss [backbone: 8.83e-06, Loss_classifier: 6.2, Loss_init: 6.18]
[2021/07/14 13:31:45] => Trial [2/3] Cycle [1/10] Epoch [10/200] Labeled Set Size [1000] Loss [backbone: 4.9e-06, Loss_classifier: 5.11, Loss_init: 5.08]
[2021/07/14 13:35:26] => Trial [2/3] Cycle [1/10] Epoch [20/200] Labeled Set Size [1000] Loss [backbone: 5.29e-06, Loss_classifier: 4.65, Loss_init: 4.82]
[2021/07/14 13:39:16] => Trial [2/3] Cycle [1/10] Epoch [30/200] Labeled Set Size [1000] Loss [backbone: 5.96e-06, Loss_classifier: 3.7, Loss_init: 3.89]
[2021/07/14 13:42:54] => Trial [2/3] Cycle [1/10] Epoch [40/200] Labeled Set Size [1000] Loss [backbone: 5.32e-06, Loss_classifier: 3.17, Loss_init: 3.63]
[2021/07/14 13:46:32] => Trial [2/3] Cycle [1/10] Epoch [50/200] Labeled Set Size [1000] Loss [backbone: 8.4e-06, Loss_classifier: 2.53, Loss_init: 2.5]
[2021/07/14 13:50:11] => Trial [2/3] Cycle [1/10] Epoch [60/200] Labeled Set Size [1000] Loss [backbone: 7.66e-06, Loss_classifier: 1.68, Loss_init: 2.49]
[2021/07/14 13:53:50] => Trial [2/3] Cycle [1/10] Epoch [70/200] Labeled Set Size [1000] Loss [backbone: 6.76e-06, Loss_classifier: 1.34, Loss_init: 1.58]
[2021/07/14 13:57:34] => Trial [2/3] Cycle [1/10] Epoch [80/200] Labeled Set Size [1000] Loss [backbone: 6.2e-06, Loss_classifier: 0.973, Loss_init: 1.21]
[2021/07/14 14:01:04] => Trial [2/3] Cycle [1/10] Epoch [90/200] Labeled Set Size [1000] Loss [backbone: 5.49e-06, Loss_classifier: 0.873, Loss_init: 0.775]
[2021/07/14 14:04:54] => Trial [2/3] Cycle [1/10] Epoch [100/200] Labeled Set Size [1000] Loss [backbone: 5.55e-06, Loss_classifier: 0.503, Loss_init: 0.503]
[2021/07/14 14:08:35] => Trial [2/3] Cycle [1/10] Epoch [110/200] Labeled Set Size [1000] Loss [backbone: 4.92e-06, Loss_classifier: 0.534, Loss_init: 0.603]
[2021/07/14 14:12:42] => Trial [2/3] Cycle [1/10] Epoch [120/200] Labeled Set Size [1000] Loss [backbone: 3.94e-06, Loss_classifier: 0.386, Loss_init: 0.946]
[2021/07/14 14:16:32] => Trial [2/3] Cycle [1/10] Epoch [130/200] Labeled Set Size [1000] Loss [backbone: 4.08e-06, Loss_classifier: 0.236, Loss_init: 0.526]
[2021/07/14 14:20:35] => Trial [2/3] Cycle [1/10] Epoch [140/200] Labeled Set Size [1000] Loss [backbone: 3.63e-06, Loss_classifier: 0.234, Loss_init: 0.198]
[2021/07/14 14:24:27] => Trial [2/3] Cycle [1/10] Epoch [150/200] Labeled Set Size [1000] Loss [backbone: 3.43e-06, Loss_classifier: 0.509, Loss_init: 0.613]
[2021/07/14 14:28:34] => Trial [2/3] Cycle [1/10] Epoch [160/200] Labeled Set Size [1000] Loss [backbone: 3.26e-06, Loss_classifier: 0.46, Loss_init: 0.504]
[2021/07/14 14:32:29] => Trial [2/3] Cycle [1/10] Epoch [170/200] Labeled Set Size [1000] Loss [backbone: 2.3e-06, Loss_classifier: 0.0815, Loss_init: 0.0913]
[2021/07/14 14:36:26] => Trial [2/3] Cycle [1/10] Epoch [180/200] Labeled Set Size [1000] Loss [backbone: 2.71e-06, Loss_classifier: 0.0923, Loss_init: 0.0809]
[2021/07/14 14:39:32] => Trial [2/3] Cycle [1/10] Epoch [190/200] Labeled Set Size [1000] Loss [backbone: 2e-06, Loss_classifier: 0.068, Loss_init: 0.0566]
[2021/07/14 14:42:54] => Trial [2/3] Cycle [1/10] Epoch [200/200] Labeled Set Size [1000] Loss [backbone: 2.26e-06, Loss_classifier: 0.0587, Loss_init: 0.0753]
[2021/07/14 14:42:58] => Trial [2/3] Cycle [1/10] Labeled Set Size [1000] Test [acc1: 58.1, acc2: 58.1, acc: 58.1]
[2021/07/14 14:43:25] => Trial [2/3] Cycle [2/10] Epoch [1/200] Labeled Set Size [2000] Loss [backbone: 6.39e-06, Loss_classifier: 4.12, Loss_init: 4.12]
[2021/07/14 14:46:22] => Trial [2/3] Cycle [2/10] Epoch [10/200] Labeled Set Size [2000] Loss [backbone: 4.1e-06, Loss_classifier: 2.12, Loss_init: 3.08]
[2021/07/14 14:49:52] => Trial [2/3] Cycle [2/10] Epoch [20/200] Labeled Set Size [2000] Loss [backbone: 2.97e-06, Loss_classifier: 1.13, Loss_init: 1.74]
[2021/07/14 14:53:31] => Trial [2/3] Cycle [2/10] Epoch [30/200] Labeled Set Size [2000] Loss [backbone: 3.21e-06, Loss_classifier: 0.737, Loss_init: 1.37]
[2021/07/14 14:56:54] => Trial [2/3] Cycle [2/10] Epoch [40/200] Labeled Set Size [2000] Loss [backbone: 3.28e-06, Loss_classifier: 0.583, Loss_init: 0.77]
[2021/07/14 15:00:14] => Trial [2/3] Cycle [2/10] Epoch [50/200] Labeled Set Size [2000] Loss [backbone: 3.37e-06, Loss_classifier: 0.614, Loss_init: 0.905]
[2021/07/14 15:03:28] => Trial [2/3] Cycle [2/10] Epoch [60/200] Labeled Set Size [2000] Loss [backbone: 3.59e-06, Loss_classifier: 0.314, Loss_init: 0.346]
[2021/07/14 15:06:43] => Trial [2/3] Cycle [2/10] Epoch [70/200] Labeled Set Size [2000] Loss [backbone: 2.62e-06, Loss_classifier: 0.525, Loss_init: 0.895]
[2021/07/14 15:10:11] => Trial [2/3] Cycle [2/10] Epoch [80/200] Labeled Set Size [2000] Loss [backbone: 3.23e-06, Loss_classifier: 0.325, Loss_init: 0.95]
[2021/07/14 15:13:41] => Trial [2/3] Cycle [2/10] Epoch [90/200] Labeled Set Size [2000] Loss [backbone: 2.65e-06, Loss_classifier: 0.472, Loss_init: 0.744]
[2021/07/14 15:17:07] => Trial [2/3] Cycle [2/10] Epoch [100/200] Labeled Set Size [2000] Loss [backbone: 2.78e-06, Loss_classifier: 0.2, Loss_init: 0.81]
[2021/07/14 15:20:37] => Trial [2/3] Cycle [2/10] Epoch [110/200] Labeled Set Size [2000] Loss [backbone: 3.43e-06, Loss_classifier: 0.215, Loss_init: 0.677]
[2021/07/14 15:24:08] => Trial [2/3] Cycle [2/10] Epoch [120/200] Labeled Set Size [2000] Loss [backbone: 1.67e-06, Loss_classifier: 0.226, Loss_init: 0.555]
[2021/07/14 15:27:30] => Trial [2/3] Cycle [2/10] Epoch [130/200] Labeled Set Size [2000] Loss [backbone: 2.95e-06, Loss_classifier: 0.371, Loss_init: 0.863]
[2021/07/14 15:30:59] => Trial [2/3] Cycle [2/10] Epoch [140/200] Labeled Set Size [2000] Loss [backbone: 4.34e-06, Loss_classifier: 0.203, Loss_init: 0.355]
[2021/07/14 15:34:28] => Trial [2/3] Cycle [2/10] Epoch [150/200] Labeled Set Size [2000] Loss [backbone: 1.91e-06, Loss_classifier: 0.176, Loss_init: 0.256]
[2021/07/14 15:37:48] => Trial [2/3] Cycle [2/10] Epoch [160/200] Labeled Set Size [2000] Loss [backbone: 4.28e-06, Loss_classifier: 0.2, Loss_init: 0.517]
[2021/07/14 15:41:16] => Trial [2/3] Cycle [2/10] Epoch [170/200] Labeled Set Size [2000] Loss [backbone: 2.22e-06, Loss_classifier: 0.0388, Loss_init: 0.119]
[2021/07/14 15:44:47] => Trial [2/3] Cycle [2/10] Epoch [180/200] Labeled Set Size [2000] Loss [backbone: 2.54e-06, Loss_classifier: 0.0297, Loss_init: 0.0409]
[2021/07/14 15:48:06] => Trial [2/3] Cycle [2/10] Epoch [190/200] Labeled Set Size [2000] Loss [backbone: 1.74e-06, Loss_classifier: 0.0297, Loss_init: 0.0283]
[2021/07/14 15:51:24] => Trial [2/3] Cycle [2/10] Epoch [200/200] Labeled Set Size [2000] Loss [backbone: 1.62e-06, Loss_classifier: 0.0334, Loss_init: 0.0899]
[2021/07/14 15:51:28] => Trial [2/3] Cycle [2/10] Labeled Set Size [2000] Test [acc1: 72.6, acc2: 72.6, acc: 72.6]
[2021/07/14 15:51:58] => Trial [2/3] Cycle [3/10] Epoch [1/200] Labeled Set Size [3000] Loss [backbone: 1.06e-05, Loss_classifier: 2.93, Loss_init: 2.75]
[2021/07/14 15:55:12] => Trial [2/3] Cycle [3/10] Epoch [10/200] Labeled Set Size [3000] Loss [backbone: 4.19e-06, Loss_classifier: 1.54, Loss_init: 2.92]
[2021/07/14 15:58:55] => Trial [2/3] Cycle [3/10] Epoch [20/200] Labeled Set Size [3000] Loss [backbone: 2.47e-06, Loss_classifier: 0.827, Loss_init: 1.32]
[2021/07/14 16:02:41] => Trial [2/3] Cycle [3/10] Epoch [30/200] Labeled Set Size [3000] Loss [backbone: 2.79e-06, Loss_classifier: 1.01, Loss_init: 0.476]
[2021/07/14 16:06:27] => Trial [2/3] Cycle [3/10] Epoch [40/200] Labeled Set Size [3000] Loss [backbone: 3.54e-06, Loss_classifier: 0.302, Loss_init: 0.255]
[2021/07/14 16:10:09] => Trial [2/3] Cycle [3/10] Epoch [50/200] Labeled Set Size [3000] Loss [backbone: 2.89e-06, Loss_classifier: 0.769, Loss_init: 0.645]
[2021/07/14 16:13:37] => Trial [2/3] Cycle [3/10] Epoch [60/200] Labeled Set Size [3000] Loss [backbone: 4.58e-06, Loss_classifier: 0.516, Loss_init: 0.727]
[2021/07/14 16:17:21] => Trial [2/3] Cycle [3/10] Epoch [70/200] Labeled Set Size [3000] Loss [backbone: 3.54e-06, Loss_classifier: 0.345, Loss_init: 0.913]
[2021/07/14 16:21:10] => Trial [2/3] Cycle [3/10] Epoch [80/200] Labeled Set Size [3000] Loss [backbone: 2.21e-06, Loss_classifier: 0.457, Loss_init: 1.21]
[2021/07/14 16:24:57] => Trial [2/3] Cycle [3/10] Epoch [90/200] Labeled Set Size [3000] Loss [backbone: 4.05e-06, Loss_classifier: 0.654, Loss_init: 0.926]
[2021/07/14 16:28:30] => Trial [2/3] Cycle [3/10] Epoch [100/200] Labeled Set Size [3000] Loss [backbone: 2.95e-06, Loss_classifier: 0.431, Loss_init: 1.07]
[2021/07/14 16:32:12] => Trial [2/3] Cycle [3/10] Epoch [110/200] Labeled Set Size [3000] Loss [backbone: 3.32e-06, Loss_classifier: 0.235, Loss_init: 1.07]
[2021/07/14 16:35:46] => Trial [2/3] Cycle [3/10] Epoch [120/200] Labeled Set Size [3000] Loss [backbone: 4.56e-06, Loss_classifier: 0.713, Loss_init: 1.34]
[2021/07/14 16:39:26] => Trial [2/3] Cycle [3/10] Epoch [130/200] Labeled Set Size [3000] Loss [backbone: 2.75e-06, Loss_classifier: 0.258, Loss_init: 0.594]
[2021/07/14 16:43:03] => Trial [2/3] Cycle [3/10] Epoch [140/200] Labeled Set Size [3000] Loss [backbone: 3.29e-06, Loss_classifier: 0.351, Loss_init: 0.85]
[2021/07/14 16:46:45] => Trial [2/3] Cycle [3/10] Epoch [150/200] Labeled Set Size [3000] Loss [backbone: 3.18e-06, Loss_classifier: 0.419, Loss_init: 1.28]
[2021/07/14 16:50:21] => Trial [2/3] Cycle [3/10] Epoch [160/200] Labeled Set Size [3000] Loss [backbone: 3.59e-06, Loss_classifier: 0.222, Loss_init: 0.316]
[2021/07/14 16:54:04] => Trial [2/3] Cycle [3/10] Epoch [170/200] Labeled Set Size [3000] Loss [backbone: 2.4e-06, Loss_classifier: 0.0751, Loss_init: 0.0421]
[2021/07/14 16:57:59] => Trial [2/3] Cycle [3/10] Epoch [180/200] Labeled Set Size [3000] Loss [backbone: 3.12e-06, Loss_classifier: 0.0264, Loss_init: 0.0392]
[2021/07/14 17:01:41] => Trial [2/3] Cycle [3/10] Epoch [190/200] Labeled Set Size [3000] Loss [backbone: 2.3e-06, Loss_classifier: 0.0316, Loss_init: 0.0492]
[2021/07/14 17:05:25] => Trial [2/3] Cycle [3/10] Epoch [200/200] Labeled Set Size [3000] Loss [backbone: 2.13e-06, Loss_classifier: 0.0265, Loss_init: 0.0273]
[2021/07/14 17:05:29] => Trial [2/3] Cycle [3/10] Labeled Set Size [3000] Test [acc1: 79.6, acc2: 79.6, acc: 79.6]
[2021/07/14 17:06:00] => Trial [2/3] Cycle [4/10] Epoch [1/200] Labeled Set Size [4000] Loss [backbone: 5.27e-06, Loss_classifier: 2.5, Loss_init: 2.85]
[2021/07/14 17:09:39] => Trial [2/3] Cycle [4/10] Epoch [10/200] Labeled Set Size [4000] Loss [backbone: 3.19e-06, Loss_classifier: 1.32, Loss_init: 1.54]
[2021/07/14 17:13:40] => Trial [2/3] Cycle [4/10] Epoch [20/200] Labeled Set Size [4000] Loss [backbone: 5.01e-06, Loss_classifier: 0.775, Loss_init: 0.685]
[2021/07/14 17:17:47] => Trial [2/3] Cycle [4/10] Epoch [30/200] Labeled Set Size [4000] Loss [backbone: 2.02e-06, Loss_classifier: 0.375, Loss_init: 0.605]
[2021/07/14 17:21:43] => Trial [2/3] Cycle [4/10] Epoch [40/200] Labeled Set Size [4000] Loss [backbone: 2.81e-06, Loss_classifier: 0.52, Loss_init: 0.678]
[2021/07/14 17:25:40] => Trial [2/3] Cycle [4/10] Epoch [50/200] Labeled Set Size [4000] Loss [backbone: 3.04e-06, Loss_classifier: 0.567, Loss_init: 0.195]
[2021/07/14 17:29:36] => Trial [2/3] Cycle [4/10] Epoch [60/200] Labeled Set Size [4000] Loss [backbone: 1.75e-06, Loss_classifier: 0.578, Loss_init: 0.93]
[2021/07/14 17:33:22] => Trial [2/3] Cycle [4/10] Epoch [70/200] Labeled Set Size [4000] Loss [backbone: 3.06e-06, Loss_classifier: 0.38, Loss_init: 1.58]
[2021/07/14 17:37:23] => Trial [2/3] Cycle [4/10] Epoch [80/200] Labeled Set Size [4000] Loss [backbone: 2.73e-06, Loss_classifier: 0.458, Loss_init: 0.413]
[2021/07/14 17:41:33] => Trial [2/3] Cycle [4/10] Epoch [90/200] Labeled Set Size [4000] Loss [backbone: 3.92e-06, Loss_classifier: 0.417, Loss_init: 0.846]
[2021/07/14 17:45:31] => Trial [2/3] Cycle [4/10] Epoch [100/200] Labeled Set Size [4000] Loss [backbone: 2.65e-06, Loss_classifier: 0.689, Loss_init: 0.273]
[2021/07/14 17:49:25] => Trial [2/3] Cycle [4/10] Epoch [110/200] Labeled Set Size [4000] Loss [backbone: 2.84e-06, Loss_classifier: 0.778, Loss_init: 0.468]
[2021/07/14 17:53:07] => Trial [2/3] Cycle [4/10] Epoch [120/200] Labeled Set Size [4000] Loss [backbone: 3.26e-06, Loss_classifier: 0.428, Loss_init: 0.631]
[2021/07/14 17:56:56] => Trial [2/3] Cycle [4/10] Epoch [130/200] Labeled Set Size [4000] Loss [backbone: 3.52e-06, Loss_classifier: 0.504, Loss_init: 0.879]
[2021/07/14 18:00:36] => Trial [2/3] Cycle [4/10] Epoch [140/200] Labeled Set Size [4000] Loss [backbone: 2.1e-06, Loss_classifier: 0.285, Loss_init: 0.78]
[2021/07/14 18:04:20] => Trial [2/3] Cycle [4/10] Epoch [150/200] Labeled Set Size [4000] Loss [backbone: 2.64e-06, Loss_classifier: 0.531, Loss_init: 0.507]
[2021/07/14 18:08:09] => Trial [2/3] Cycle [4/10] Epoch [160/200] Labeled Set Size [4000] Loss [backbone: 3.49e-06, Loss_classifier: 0.552, Loss_init: 0.581]
[2021/07/14 18:12:03] => Trial [2/3] Cycle [4/10] Epoch [170/200] Labeled Set Size [4000] Loss [backbone: 1.45e-06, Loss_classifier: 0.0325, Loss_init: 0.0325]
[2021/07/14 18:15:54] => Trial [2/3] Cycle [4/10] Epoch [180/200] Labeled Set Size [4000] Loss [backbone: 2.58e-06, Loss_classifier: 0.0383, Loss_init: 0.0716]
[2021/07/14 18:19:55] => Trial [2/3] Cycle [4/10] Epoch [190/200] Labeled Set Size [4000] Loss [backbone: 2.44e-06, Loss_classifier: 0.0333, Loss_init: 0.0274]
[2021/07/14 18:23:34] => Trial [2/3] Cycle [4/10] Epoch [200/200] Labeled Set Size [4000] Loss [backbone: 1.64e-06, Loss_classifier: 0.0279, Loss_init: 0.0468]
[2021/07/14 18:23:39] => Trial [2/3] Cycle [4/10] Labeled Set Size [4000] Test [acc1: 83.2, acc2: 83.2, acc: 83.2]
[2021/07/14 18:24:11] => Trial [2/3] Cycle [5/10] Epoch [1/200] Labeled Set Size [5000] Loss [backbone: 5.96e-06, Loss_classifier: 1.9, Loss_init: 7.18]
[2021/07/14 18:27:11] => Trial [2/3] Cycle [5/10] Epoch [10/200] Labeled Set Size [5000] Loss [backbone: 8.65e-06, Loss_classifier: 1.35, Loss_init: 1.9]
[2021/07/14 18:30:34] => Trial [2/3] Cycle [5/10] Epoch [20/200] Labeled Set Size [5000] Loss [backbone: 5.19e-06, Loss_classifier: 0.959, Loss_init: 1.7]
[2021/07/14 18:33:52] => Trial [2/3] Cycle [5/10] Epoch [30/200] Labeled Set Size [5000] Loss [backbone: 5.86e-06, Loss_classifier: 1.1, Loss_init: 3.67]
[2021/07/14 18:37:10] => Trial [2/3] Cycle [5/10] Epoch [40/200] Labeled Set Size [5000] Loss [backbone: 6.43e-06, Loss_classifier: 0.664, Loss_init: 2.09]
[2021/07/14 18:40:30] => Trial [2/3] Cycle [5/10] Epoch [50/200] Labeled Set Size [5000] Loss [backbone: 7.09e-06, Loss_classifier: 0.523, Loss_init: 4.61]
[2021/07/14 18:43:46] => Trial [2/3] Cycle [5/10] Epoch [60/200] Labeled Set Size [5000] Loss [backbone: 4.48e-06, Loss_classifier: 1.04, Loss_init: 4.46]
[2021/07/14 18:47:12] => Trial [2/3] Cycle [5/10] Epoch [70/200] Labeled Set Size [5000] Loss [backbone: 6.57e-06, Loss_classifier: 0.805, Loss_init: 4.84]
[2021/07/14 18:50:33] => Trial [2/3] Cycle [5/10] Epoch [80/200] Labeled Set Size [5000] Loss [backbone: 5.4e-06, Loss_classifier: 0.701, Loss_init: 6.49]
[2021/07/14 18:53:57] => Trial [2/3] Cycle [5/10] Epoch [90/200] Labeled Set Size [5000] Loss [backbone: 5.15e-06, Loss_classifier: 0.423, Loss_init: 0.711]
[2021/07/14 18:57:20] => Trial [2/3] Cycle [5/10] Epoch [100/200] Labeled Set Size [5000] Loss [backbone: 5.51e-06, Loss_classifier: 0.756, Loss_init: 3.81]
[2021/07/14 19:00:37] => Trial [2/3] Cycle [5/10] Epoch [110/200] Labeled Set Size [5000] Loss [backbone: 4.82e-06, Loss_classifier: 0.794, Loss_init: 2.03]
[2021/07/14 19:03:58] => Trial [2/3] Cycle [5/10] Epoch [120/200] Labeled Set Size [5000] Loss [backbone: 3.01e-06, Loss_classifier: 0.451, Loss_init: 1.06]
[2021/07/14 19:07:20] => Trial [2/3] Cycle [5/10] Epoch [130/200] Labeled Set Size [5000] Loss [backbone: 3.55e-06, Loss_classifier: 0.414, Loss_init: 0.823]
[2021/07/14 19:10:34] => Trial [2/3] Cycle [5/10] Epoch [140/200] Labeled Set Size [5000] Loss [backbone: 4.67e-06, Loss_classifier: 0.57, Loss_init: 2.77]
[2021/07/14 19:13:55] => Trial [2/3] Cycle [5/10] Epoch [150/200] Labeled Set Size [5000] Loss [backbone: 2.79e-06, Loss_classifier: 0.658, Loss_init: 0.413]
[2021/07/14 19:17:08] => Trial [2/3] Cycle [5/10] Epoch [160/200] Labeled Set Size [5000] Loss [backbone: 4.47e-06, Loss_classifier: 0.669, Loss_init: 0.953]
[2021/07/14 19:20:28] => Trial [2/3] Cycle [5/10] Epoch [170/200] Labeled Set Size [5000] Loss [backbone: 3.28e-06, Loss_classifier: 0.1, Loss_init: 1.23]
[2021/07/14 19:23:44] => Trial [2/3] Cycle [5/10] Epoch [180/200] Labeled Set Size [5000] Loss [backbone: 3.53e-06, Loss_classifier: 0.188, Loss_init: 0.246]
[2021/07/14 19:27:08] => Trial [2/3] Cycle [5/10] Epoch [190/200] Labeled Set Size [5000] Loss [backbone: 7.64e-06, Loss_classifier: 0.0527, Loss_init: 0.483]
[2021/07/14 19:30:24] => Trial [2/3] Cycle [5/10] Epoch [200/200] Labeled Set Size [5000] Loss [backbone: 4.55e-06, Loss_classifier: 0.101, Loss_init: 0.819]
[2021/07/14 19:30:28] => Trial [2/3] Cycle [5/10] Labeled Set Size [5000] Test [acc1: 83.2, acc2: 83.2, acc: 83.2]
[2021/07/14 19:30:58] => Trial [2/3] Cycle [6/10] Epoch [1/200] Labeled Set Size [6000] Loss [backbone: 4.3e-06, Loss_classifier: 1.67, Loss_init: 1.99]
[2021/07/14 19:34:03] => Trial [2/3] Cycle [6/10] Epoch [10/200] Labeled Set Size [6000] Loss [backbone: 2.62e-06, Loss_classifier: 0.687, Loss_init: 1.28]
[2021/07/14 19:37:31] => Trial [2/3] Cycle [6/10] Epoch [20/200] Labeled Set Size [6000] Loss [backbone: 3.7e-06, Loss_classifier: 1.06, Loss_init: 1.42]
[2021/07/14 19:41:03] => Trial [2/3] Cycle [6/10] Epoch [30/200] Labeled Set Size [6000] Loss [backbone: 2.57e-06, Loss_classifier: 0.496, Loss_init: 1.41]
[2021/07/14 19:44:37] => Trial [2/3] Cycle [6/10] Epoch [40/200] Labeled Set Size [6000] Loss [backbone: 3.23e-06, Loss_classifier: 0.644, Loss_init: 0.77]
[2021/07/14 19:48:08] => Trial [2/3] Cycle [6/10] Epoch [50/200] Labeled Set Size [6000] Loss [backbone: 3.69e-06, Loss_classifier: 0.953, Loss_init: 0.808]
[2021/07/14 19:51:45] => Trial [2/3] Cycle [6/10] Epoch [60/200] Labeled Set Size [6000] Loss [backbone: 3.94e-06, Loss_classifier: 0.742, Loss_init: 1.15]
[2021/07/14 19:55:16] => Trial [2/3] Cycle [6/10] Epoch [70/200] Labeled Set Size [6000] Loss [backbone: 2.43e-06, Loss_classifier: 0.67, Loss_init: 0.769]
[2021/07/14 19:58:46] => Trial [2/3] Cycle [6/10] Epoch [80/200] Labeled Set Size [6000] Loss [backbone: 2.82e-06, Loss_classifier: 0.551, Loss_init: 0.606]
[2021/07/14 20:02:11] => Trial [2/3] Cycle [6/10] Epoch [90/200] Labeled Set Size [6000] Loss [backbone: 2.03e-06, Loss_classifier: 0.493, Loss_init: 1.41]
[2021/07/14 20:05:56] => Trial [2/3] Cycle [6/10] Epoch [100/200] Labeled Set Size [6000] Loss [backbone: 3.67e-06, Loss_classifier: 0.771, Loss_init: 0.569]
[2021/07/14 20:09:18] => Trial [2/3] Cycle [6/10] Epoch [110/200] Labeled Set Size [6000] Loss [backbone: 2.99e-06, Loss_classifier: 0.597, Loss_init: 0.63]
[2021/07/14 20:12:57] => Trial [2/3] Cycle [6/10] Epoch [120/200] Labeled Set Size [6000] Loss [backbone: 3.75e-06, Loss_classifier: 0.612, Loss_init: 1.13]
[2021/07/14 20:16:27] => Trial [2/3] Cycle [6/10] Epoch [130/200] Labeled Set Size [6000] Loss [backbone: 6.17e-06, Loss_classifier: 0.446, Loss_init: 0.617]
[2021/07/14 20:19:54] => Trial [2/3] Cycle [6/10] Epoch [140/200] Labeled Set Size [6000] Loss [backbone: 4.6e-06, Loss_classifier: 0.671, Loss_init: 0.963]
[2021/07/14 20:23:22] => Trial [2/3] Cycle [6/10] Epoch [150/200] Labeled Set Size [6000] Loss [backbone: 3.25e-06, Loss_classifier: 0.892, Loss_init: 1.13]
[2021/07/14 20:26:41] => Trial [2/3] Cycle [6/10] Epoch [160/200] Labeled Set Size [6000] Loss [backbone: 4.17e-06, Loss_classifier: 0.283, Loss_init: 1.02]
[2021/07/14 20:30:03] => Trial [2/3] Cycle [6/10] Epoch [170/200] Labeled Set Size [6000] Loss [backbone: 1.93e-06, Loss_classifier: 0.0565, Loss_init: 0.0338]
[2021/07/14 20:33:34] => Trial [2/3] Cycle [6/10] Epoch [180/200] Labeled Set Size [6000] Loss [backbone: 3.2e-06, Loss_classifier: 0.0677, Loss_init: 0.118]
[2021/07/14 20:37:05] => Trial [2/3] Cycle [6/10] Epoch [190/200] Labeled Set Size [6000] Loss [backbone: 9.85e-07, Loss_classifier: 0.0396, Loss_init: 0.0282]
[2021/07/14 20:40:37] => Trial [2/3] Cycle [6/10] Epoch [200/200] Labeled Set Size [6000] Loss [backbone: 1.38e-06, Loss_classifier: 0.0234, Loss_init: 0.0204]
[2021/07/14 20:40:42] => Trial [2/3] Cycle [6/10] Labeled Set Size [6000] Test [acc1: 87, acc2: 87, acc: 87]
[2021/07/14 20:41:15] => Trial [2/3] Cycle [7/10] Epoch [1/200] Labeled Set Size [7000] Loss [backbone: 5.41e-06, Loss_classifier: 1.84, Loss_init: 1.93]
[2021/07/14 20:44:34] => Trial [2/3] Cycle [7/10] Epoch [10/200] Labeled Set Size [7000] Loss [backbone: 3.05e-06, Loss_classifier: 0.755, Loss_init: 1.19]
[2021/07/14 20:48:25] => Trial [2/3] Cycle [7/10] Epoch [20/200] Labeled Set Size [7000] Loss [backbone: 4.87e-06, Loss_classifier: 0.722, Loss_init: 1.14]
[2021/07/14 20:52:06] => Trial [2/3] Cycle [7/10] Epoch [30/200] Labeled Set Size [7000] Loss [backbone: 2.77e-06, Loss_classifier: 0.727, Loss_init: 1.24]
[2021/07/14 20:55:40] => Trial [2/3] Cycle [7/10] Epoch [40/200] Labeled Set Size [7000] Loss [backbone: 6.11e-06, Loss_classifier: 0.764, Loss_init: 1.43]
[2021/07/14 20:59:27] => Trial [2/3] Cycle [7/10] Epoch [50/200] Labeled Set Size [7000] Loss [backbone: 5.25e-06, Loss_classifier: 0.933, Loss_init: 0.626]
[2021/07/14 21:03:10] => Trial [2/3] Cycle [7/10] Epoch [60/200] Labeled Set Size [7000] Loss [backbone: 5.02e-06, Loss_classifier: 0.618, Loss_init: 0.524]
[2021/07/14 21:06:51] => Trial [2/3] Cycle [7/10] Epoch [70/200] Labeled Set Size [7000] Loss [backbone: 5.19e-06, Loss_classifier: 0.963, Loss_init: 0.752]
[2021/07/14 21:10:41] => Trial [2/3] Cycle [7/10] Epoch [80/200] Labeled Set Size [7000] Loss [backbone: 7.18e-06, Loss_classifier: 0.77, Loss_init: 0.918]
[2021/07/14 21:14:33] => Trial [2/3] Cycle [7/10] Epoch [90/200] Labeled Set Size [7000] Loss [backbone: 5.98e-06, Loss_classifier: 0.502, Loss_init: 0.667]
[2021/07/14 21:18:08] => Trial [2/3] Cycle [7/10] Epoch [100/200] Labeled Set Size [7000] Loss [backbone: 5.31e-06, Loss_classifier: 0.555, Loss_init: 1.34]
[2021/07/14 21:21:40] => Trial [2/3] Cycle [7/10] Epoch [110/200] Labeled Set Size [7000] Loss [backbone: 4.08e-06, Loss_classifier: 0.649, Loss_init: 0.926]
[2021/07/14 21:25:27] => Trial [2/3] Cycle [7/10] Epoch [120/200] Labeled Set Size [7000] Loss [backbone: 3.61e-06, Loss_classifier: 0.773, Loss_init: 0.939]
[2021/07/14 21:29:16] => Trial [2/3] Cycle [7/10] Epoch [130/200] Labeled Set Size [7000] Loss [backbone: 7.44e-06, Loss_classifier: 0.528, Loss_init: 1.82]
[2021/07/14 21:33:07] => Trial [2/3] Cycle [7/10] Epoch [140/200] Labeled Set Size [7000] Loss [backbone: 6.23e-06, Loss_classifier: 0.446, Loss_init: 0.95]
[2021/07/14 21:36:48] => Trial [2/3] Cycle [7/10] Epoch [150/200] Labeled Set Size [7000] Loss [backbone: 1e-05, Loss_classifier: 0.973, Loss_init: 0.636]
[2021/07/14 21:40:31] => Trial [2/3] Cycle [7/10] Epoch [160/200] Labeled Set Size [7000] Loss [backbone: 6.52e-06, Loss_classifier: 0.557, Loss_init: 0.535]
[2021/07/14 21:44:16] => Trial [2/3] Cycle [7/10] Epoch [170/200] Labeled Set Size [7000] Loss [backbone: 3.97e-06, Loss_classifier: 0.0908, Loss_init: 0.0366]
[2021/07/14 21:48:01] => Trial [2/3] Cycle [7/10] Epoch [180/200] Labeled Set Size [7000] Loss [backbone: 4.02e-06, Loss_classifier: 0.0333, Loss_init: 0.0607]
[2021/07/14 21:51:41] => Trial [2/3] Cycle [7/10] Epoch [190/200] Labeled Set Size [7000] Loss [backbone: 3.25e-06, Loss_classifier: 0.0552, Loss_init: 0.038]
[2021/07/14 21:55:27] => Trial [2/3] Cycle [7/10] Epoch [200/200] Labeled Set Size [7000] Loss [backbone: 2.57e-06, Loss_classifier: 0.0314, Loss_init: 0.0269]
[2021/07/14 21:55:31] => Trial [2/3] Cycle [7/10] Labeled Set Size [7000] Test [acc1: 87.8, acc2: 87.9, acc: 87.8]
[2021/07/14 21:56:10] => Trial [2/3] Cycle [8/10] Epoch [1/200] Labeled Set Size [8000] Loss [backbone: 1.06e-05, Loss_classifier: 1.84, Loss_init: 2.75]
[2021/07/14 21:59:42] => Trial [2/3] Cycle [8/10] Epoch [10/200] Labeled Set Size [8000] Loss [backbone: 9.18e-06, Loss_classifier: 1.31, Loss_init: 1.27]
[2021/07/14 22:03:32] => Trial [2/3] Cycle [8/10] Epoch [20/200] Labeled Set Size [8000] Loss [backbone: 9.33e-06, Loss_classifier: 0.993, Loss_init: 1.59]
[2021/07/14 22:07:30] => Trial [2/3] Cycle [8/10] Epoch [30/200] Labeled Set Size [8000] Loss [backbone: 1.37e-05, Loss_classifier: 0.819, Loss_init: 1.13]
[2021/07/14 22:11:37] => Trial [2/3] Cycle [8/10] Epoch [40/200] Labeled Set Size [8000] Loss [backbone: 6.61e-06, Loss_classifier: 0.933, Loss_init: 1.59]
[2021/07/14 22:15:31] => Trial [2/3] Cycle [8/10] Epoch [50/200] Labeled Set Size [8000] Loss [backbone: 6.18e-06, Loss_classifier: 0.636, Loss_init: 0.783]
[2021/07/14 22:19:30] => Trial [2/3] Cycle [8/10] Epoch [60/200] Labeled Set Size [8000] Loss [backbone: 1.2e-05, Loss_classifier: 0.679, Loss_init: 1.24]
[2021/07/14 22:23:28] => Trial [2/3] Cycle [8/10] Epoch [70/200] Labeled Set Size [8000] Loss [backbone: 9.48e-06, Loss_classifier: 0.831, Loss_init: 0.887]
[2021/07/14 22:27:23] => Trial [2/3] Cycle [8/10] Epoch [80/200] Labeled Set Size [8000] Loss [backbone: 7.95e-06, Loss_classifier: 0.681, Loss_init: 1.07]
[2021/07/14 22:31:21] => Trial [2/3] Cycle [8/10] Epoch [90/200] Labeled Set Size [8000] Loss [backbone: 9.14e-06, Loss_classifier: 0.778, Loss_init: 0.853]
[2021/07/14 22:35:21] => Trial [2/3] Cycle [8/10] Epoch [100/200] Labeled Set Size [8000] Loss [backbone: 9.75e-06, Loss_classifier: 0.897, Loss_init: 1.2]
[2021/07/14 22:39:06] => Trial [2/3] Cycle [8/10] Epoch [110/200] Labeled Set Size [8000] Loss [backbone: 8.36e-06, Loss_classifier: 0.648, Loss_init: 2.01]
[2021/07/14 22:43:07] => Trial [2/3] Cycle [8/10] Epoch [120/200] Labeled Set Size [8000] Loss [backbone: 6.68e-06, Loss_classifier: 0.686, Loss_init: 0.825]
[2021/07/14 22:47:01] => Trial [2/3] Cycle [8/10] Epoch [130/200] Labeled Set Size [8000] Loss [backbone: 1.01e-05, Loss_classifier: 0.422, Loss_init: 1.22]
[2021/07/14 22:51:00] => Trial [2/3] Cycle [8/10] Epoch [140/200] Labeled Set Size [8000] Loss [backbone: 7.93e-06, Loss_classifier: 0.867, Loss_init: 0.904]
[2021/07/14 22:55:03] => Trial [2/3] Cycle [8/10] Epoch [150/200] Labeled Set Size [8000] Loss [backbone: 5.43e-06, Loss_classifier: 0.592, Loss_init: 1.33]
[2021/07/14 22:59:09] => Trial [2/3] Cycle [8/10] Epoch [160/200] Labeled Set Size [8000] Loss [backbone: 8e-06, Loss_classifier: 0.761, Loss_init: 0.811]
[2021/07/14 23:03:05] => Trial [2/3] Cycle [8/10] Epoch [170/200] Labeled Set Size [8000] Loss [backbone: 9.47e-06, Loss_classifier: 0.102, Loss_init: 0.0375]
[2021/07/14 23:07:01] => Trial [2/3] Cycle [8/10] Epoch [180/200] Labeled Set Size [8000] Loss [backbone: 9.05e-06, Loss_classifier: 0.0297, Loss_init: 0.0224]
[2021/07/14 23:10:55] => Trial [2/3] Cycle [8/10] Epoch [190/200] Labeled Set Size [8000] Loss [backbone: 5.95e-06, Loss_classifier: 0.0262, Loss_init: 0.0239]
[2021/07/14 23:14:50] => Trial [2/3] Cycle [8/10] Epoch [200/200] Labeled Set Size [8000] Loss [backbone: 6.36e-06, Loss_classifier: 0.0272, Loss_init: 0.0252]
[2021/07/14 23:14:54] => Trial [2/3] Cycle [8/10] Labeled Set Size [8000] Test [acc1: 89.2, acc2: 89.2, acc: 89.2]
[2021/07/14 23:15:32] => Trial [2/3] Cycle [9/10] Epoch [1/200] Labeled Set Size [9000] Loss [backbone: 8.02e-06, Loss_classifier: 1.63, Loss_init: 1.96]
[2021/07/14 23:19:28] => Trial [2/3] Cycle [9/10] Epoch [10/200] Labeled Set Size [9000] Loss [backbone: 6.75e-06, Loss_classifier: 1.02, Loss_init: 1.66]
[2021/07/14 23:23:44] => Trial [2/3] Cycle [9/10] Epoch [20/200] Labeled Set Size [9000] Loss [backbone: 4.22e-06, Loss_classifier: 0.682, Loss_init: 2.82]
[2021/07/14 23:27:52] => Trial [2/3] Cycle [9/10] Epoch [30/200] Labeled Set Size [9000] Loss [backbone: 6.65e-06, Loss_classifier: 0.844, Loss_init: 2.4]
[2021/07/14 23:32:02] => Trial [2/3] Cycle [9/10] Epoch [40/200] Labeled Set Size [9000] Loss [backbone: 3.52e-06, Loss_classifier: 0.659, Loss_init: 0.704]
[2021/07/14 23:36:10] => Trial [2/3] Cycle [9/10] Epoch [50/200] Labeled Set Size [9000] Loss [backbone: 5.15e-06, Loss_classifier: 0.781, Loss_init: 1.41]
[2021/07/14 23:40:16] => Trial [2/3] Cycle [9/10] Epoch [60/200] Labeled Set Size [9000] Loss [backbone: 5.43e-06, Loss_classifier: 0.624, Loss_init: 1.09]
[2021/07/14 23:44:27] => Trial [2/3] Cycle [9/10] Epoch [70/200] Labeled Set Size [9000] Loss [backbone: 3.94e-06, Loss_classifier: 0.496, Loss_init: 2.26]
[2021/07/14 23:48:29] => Trial [2/3] Cycle [9/10] Epoch [80/200] Labeled Set Size [9000] Loss [backbone: 4.54e-06, Loss_classifier: 0.863, Loss_init: 1.74]
[2021/07/14 23:52:43] => Trial [2/3] Cycle [9/10] Epoch [90/200] Labeled Set Size [9000] Loss [backbone: 5.15e-06, Loss_classifier: 0.888, Loss_init: 0.926]
[2021/07/14 23:56:54] => Trial [2/3] Cycle [9/10] Epoch [100/200] Labeled Set Size [9000] Loss [backbone: 3.84e-06, Loss_classifier: 0.529, Loss_init: 1.03]
[2021/07/15 00:01:12] => Trial [2/3] Cycle [9/10] Epoch [110/200] Labeled Set Size [9000] Loss [backbone: 8.35e-06, Loss_classifier: 0.874, Loss_init: 0.801]
[2021/07/15 00:05:09] => Trial [2/3] Cycle [9/10] Epoch [120/200] Labeled Set Size [9000] Loss [backbone: 3.26e-06, Loss_classifier: 0.544, Loss_init: 1.95]
[2021/07/15 00:08:35] => Trial [2/3] Cycle [9/10] Epoch [130/200] Labeled Set Size [9000] Loss [backbone: 4.22e-06, Loss_classifier: 0.634, Loss_init: 2.44]
[2021/07/15 00:12:02] => Trial [2/3] Cycle [9/10] Epoch [140/200] Labeled Set Size [9000] Loss [backbone: 4.59e-06, Loss_classifier: 0.719, Loss_init: 1.92]
[2021/07/15 00:15:30] => Trial [2/3] Cycle [9/10] Epoch [150/200] Labeled Set Size [9000] Loss [backbone: 6.91e-06, Loss_classifier: 0.702, Loss_init: 2.3]
[2021/07/15 00:18:58] => Trial [2/3] Cycle [9/10] Epoch [160/200] Labeled Set Size [9000] Loss [backbone: 5.15e-06, Loss_classifier: 0.774, Loss_init: 1.11]
[2021/07/15 00:22:25] => Trial [2/3] Cycle [9/10] Epoch [170/200] Labeled Set Size [9000] Loss [backbone: 8.84e-06, Loss_classifier: 0.1, Loss_init: 0.129]
[2021/07/15 00:25:56] => Trial [2/3] Cycle [9/10] Epoch [180/200] Labeled Set Size [9000] Loss [backbone: 5.28e-06, Loss_classifier: 0.0466, Loss_init: 0.0278]
[2021/07/15 00:29:30] => Trial [2/3] Cycle [9/10] Epoch [190/200] Labeled Set Size [9000] Loss [backbone: 7.55e-06, Loss_classifier: 0.0326, Loss_init: 0.0259]
[2021/07/15 00:32:58] => Trial [2/3] Cycle [9/10] Epoch [200/200] Labeled Set Size [9000] Loss [backbone: 5.6e-06, Loss_classifier: 0.0264, Loss_init: 0.03]
[2021/07/15 00:33:02] => Trial [2/3] Cycle [9/10] Labeled Set Size [9000] Test [acc1: 90, acc2: 90.1, acc: 90.1]
[2021/07/15 00:33:36] => Trial [2/3] Cycle [10/10] Epoch [1/200] Labeled Set Size [10000] Loss [backbone: 1.22e-05, Loss_classifier: 2.29, Loss_init: 1.79]
[2021/07/15 00:36:55] => Trial [2/3] Cycle [10/10] Epoch [10/200] Labeled Set Size [10000] Loss [backbone: 6.06e-06, Loss_classifier: 1.83, Loss_init: 2.35]
[2021/07/15 00:40:38] => Trial [2/3] Cycle [10/10] Epoch [20/200] Labeled Set Size [10000] Loss [backbone: 8.06e-06, Loss_classifier: 1.63, Loss_init: 2.83]
[2021/07/15 00:44:20] => Trial [2/3] Cycle [10/10] Epoch [30/200] Labeled Set Size [10000] Loss [backbone: 2.44e-05, Loss_classifier: 2.13, Loss_init: 2.13]
[2021/07/15 00:48:05] => Trial [2/3] Cycle [10/10] Epoch [40/200] Labeled Set Size [10000] Loss [backbone: 2e-05, Loss_classifier: 1.43, Loss_init: 2]
[2021/07/15 00:51:51] => Trial [2/3] Cycle [10/10] Epoch [50/200] Labeled Set Size [10000] Loss [backbone: 9.37e-06, Loss_classifier: 0.698, Loss_init: 1.19]
[2021/07/15 00:55:33] => Trial [2/3] Cycle [10/10] Epoch [60/200] Labeled Set Size [10000] Loss [backbone: 1.12e-05, Loss_classifier: 0.964, Loss_init: 1.49]
[2021/07/15 00:59:14] => Trial [2/3] Cycle [10/10] Epoch [70/200] Labeled Set Size [10000] Loss [backbone: 7.48e-06, Loss_classifier: 0.802, Loss_init: 1.31]
[2021/07/15 01:02:59] => Trial [2/3] Cycle [10/10] Epoch [80/200] Labeled Set Size [10000] Loss [backbone: 1e-05, Loss_classifier: 5.6, Loss_init: 1.84]
[2021/07/15 01:06:45] => Trial [2/3] Cycle [10/10] Epoch [90/200] Labeled Set Size [10000] Loss [backbone: 1.04e-05, Loss_classifier: 1.53, Loss_init: 3.58]
[2021/07/15 01:10:28] => Trial [2/3] Cycle [10/10] Epoch [100/200] Labeled Set Size [10000] Loss [backbone: 7.85e-06, Loss_classifier: 1.78, Loss_init: 1.38]
[2021/07/15 01:14:14] => Trial [2/3] Cycle [10/10] Epoch [110/200] Labeled Set Size [10000] Loss [backbone: 8.04e-06, Loss_classifier: 0.265, Loss_init: 2.97]
[2021/07/15 01:17:52] => Trial [2/3] Cycle [10/10] Epoch [120/200] Labeled Set Size [10000] Loss [backbone: 7.62e-06, Loss_classifier: 3.48, Loss_init: 1.89]
[2021/07/15 01:21:32] => Trial [2/3] Cycle [10/10] Epoch [130/200] Labeled Set Size [10000] Loss [backbone: 1.12e-05, Loss_classifier: 1.72, Loss_init: 3.17]
[2021/07/15 01:25:16] => Trial [2/3] Cycle [10/10] Epoch [140/200] Labeled Set Size [10000] Loss [backbone: 4.15e-05, Loss_classifier: 1.45, Loss_init: 1.62]
[2021/07/15 01:28:54] => Trial [2/3] Cycle [10/10] Epoch [150/200] Labeled Set Size [10000] Loss [backbone: 3.48e-05, Loss_classifier: 1.48, Loss_init: 1.68]
[2021/07/15 01:32:36] => Trial [2/3] Cycle [10/10] Epoch [160/200] Labeled Set Size [10000] Loss [backbone: 1.65e-05, Loss_classifier: 0.686, Loss_init: 0.995]
[2021/07/15 01:36:13] => Trial [2/3] Cycle [10/10] Epoch [170/200] Labeled Set Size [10000] Loss [backbone: 1.34e-05, Loss_classifier: 0.422, Loss_init: 0.323]
[2021/07/15 01:39:52] => Trial [2/3] Cycle [10/10] Epoch [180/200] Labeled Set Size [10000] Loss [backbone: 1.6e-05, Loss_classifier: 0.0763, Loss_init: 0.0682]
[2021/07/15 01:43:30] => Trial [2/3] Cycle [10/10] Epoch [190/200] Labeled Set Size [10000] Loss [backbone: 1.58e-05, Loss_classifier: 0.421, Loss_init: 0.906]
[2021/07/15 01:47:04] => Trial [2/3] Cycle [10/10] Epoch [200/200] Labeled Set Size [10000] Loss [backbone: 1.14e-05, Loss_classifier: 0.0996, Loss_init: 0.553]
[2021/07/15 01:47:08] => Trial [2/3] Cycle [10/10] Labeled Set Size [10000] Test [acc1: 91.1, acc2: 91, acc: 91.1]
[2021/07/15 01:47:26] => Trial [3/3] Cycle [1/10] Epoch [1/200] Labeled Set Size [1000] Loss [backbone: 1.58e-05, Loss_classifier: 6.31, Loss_init: 6.22]
[2021/07/15 01:49:16] => Trial [3/3] Cycle [1/10] Epoch [10/200] Labeled Set Size [1000] Loss [backbone: 7.26e-06, Loss_classifier: 5.24, Loss_init: 5.32]
[2021/07/15 01:51:19] => Trial [3/3] Cycle [1/10] Epoch [20/200] Labeled Set Size [1000] Loss [backbone: 6.89e-06, Loss_classifier: 4.69, Loss_init: 4.8]
[2021/07/15 01:53:31] => Trial [3/3] Cycle [1/10] Epoch [30/200] Labeled Set Size [1000] Loss [backbone: 6.94e-06, Loss_classifier: 4.29, Loss_init: 4.75]
[2021/07/15 01:55:42] => Trial [3/3] Cycle [1/10] Epoch [40/200] Labeled Set Size [1000] Loss [backbone: 8.53e-06, Loss_classifier: 3.3, Loss_init: 3.51]
[2021/07/15 01:57:52] => Trial [3/3] Cycle [1/10] Epoch [50/200] Labeled Set Size [1000] Loss [backbone: 8.78e-06, Loss_classifier: 3.16, Loss_init: 2.95]
[2021/07/15 02:00:02] => Trial [3/3] Cycle [1/10] Epoch [60/200] Labeled Set Size [1000] Loss [backbone: 7.81e-06, Loss_classifier: 1.93, Loss_init: 2.53]
[2021/07/15 02:02:07] => Trial [3/3] Cycle [1/10] Epoch [70/200] Labeled Set Size [1000] Loss [backbone: 8.4e-06, Loss_classifier: 1.83, Loss_init: 2.11]
[2021/07/15 02:04:16] => Trial [3/3] Cycle [1/10] Epoch [80/200] Labeled Set Size [1000] Loss [backbone: 8.01e-06, Loss_classifier: 1.18, Loss_init: 1.73]
[2021/07/15 02:06:20] => Trial [3/3] Cycle [1/10] Epoch [90/200] Labeled Set Size [1000] Loss [backbone: 6.74e-06, Loss_classifier: 1.06, Loss_init: 1.17]
[2021/07/15 02:08:27] => Trial [3/3] Cycle [1/10] Epoch [100/200] Labeled Set Size [1000] Loss [backbone: 6.19e-06, Loss_classifier: 0.668, Loss_init: 1.21]
[2021/07/15 02:10:33] => Trial [3/3] Cycle [1/10] Epoch [110/200] Labeled Set Size [1000] Loss [backbone: 4.74e-06, Loss_classifier: 0.654, Loss_init: 0.959]
[2021/07/15 02:12:41] => Trial [3/3] Cycle [1/10] Epoch [120/200] Labeled Set Size [1000] Loss [backbone: 3.79e-06, Loss_classifier: 0.618, Loss_init: 0.889]
[2021/07/15 02:14:48] => Trial [3/3] Cycle [1/10] Epoch [130/200] Labeled Set Size [1000] Loss [backbone: 3.24e-06, Loss_classifier: 0.261, Loss_init: 0.406]
[2021/07/15 02:16:56] => Trial [3/3] Cycle [1/10] Epoch [140/200] Labeled Set Size [1000] Loss [backbone: 3.78e-06, Loss_classifier: 0.254, Loss_init: 0.61]
[2021/07/15 02:19:02] => Trial [3/3] Cycle [1/10] Epoch [150/200] Labeled Set Size [1000] Loss [backbone: 4.51e-06, Loss_classifier: 0.754, Loss_init: 0.862]
[2021/07/15 02:21:08] => Trial [3/3] Cycle [1/10] Epoch [160/200] Labeled Set Size [1000] Loss [backbone: 3.29e-06, Loss_classifier: 0.29, Loss_init: 0.624]
[2021/07/15 02:23:14] => Trial [3/3] Cycle [1/10] Epoch [170/200] Labeled Set Size [1000] Loss [backbone: 2.08e-06, Loss_classifier: 0.0787, Loss_init: 0.122]
[2021/07/15 02:25:23] => Trial [3/3] Cycle [1/10] Epoch [180/200] Labeled Set Size [1000] Loss [backbone: 2.26e-06, Loss_classifier: 0.0714, Loss_init: 0.064]
[2021/07/15 02:27:33] => Trial [3/3] Cycle [1/10] Epoch [190/200] Labeled Set Size [1000] Loss [backbone: 1.87e-06, Loss_classifier: 0.0691, Loss_init: 0.0568]
[2021/07/15 02:29:40] => Trial [3/3] Cycle [1/10] Epoch [200/200] Labeled Set Size [1000] Loss [backbone: 1.98e-06, Loss_classifier: 0.0722, Loss_init: 0.0528]
[2021/07/15 02:29:43] => Trial [3/3] Cycle [1/10] Labeled Set Size [1000] Test [acc1: 57.7, acc2: 57.7, acc: 57.7]
[2021/07/15 02:30:03] => Trial [3/3] Cycle [2/10] Epoch [1/200] Labeled Set Size [2000] Loss [backbone: 7.21e-06, Loss_classifier: 4.06, Loss_init: 4.18]
[2021/07/15 02:32:08] => Trial [3/3] Cycle [2/10] Epoch [10/200] Labeled Set Size [2000] Loss [backbone: 2.68e-06, Loss_classifier: 1.53, Loss_init: 2.44]
[2021/07/15 02:34:27] => Trial [3/3] Cycle [2/10] Epoch [20/200] Labeled Set Size [2000] Loss [backbone: 2.32e-06, Loss_classifier: 1.24, Loss_init: 1.33]
[2021/07/15 02:36:45] => Trial [3/3] Cycle [2/10] Epoch [30/200] Labeled Set Size [2000] Loss [backbone: 2.62e-06, Loss_classifier: 1, Loss_init: 1.05]
[2021/07/15 02:39:03] => Trial [3/3] Cycle [2/10] Epoch [40/200] Labeled Set Size [2000] Loss [backbone: 3.55e-06, Loss_classifier: 0.559, Loss_init: 0.912]
[2021/07/15 02:41:21] => Trial [3/3] Cycle [2/10] Epoch [50/200] Labeled Set Size [2000] Loss [backbone: 3.4e-06, Loss_classifier: 0.748, Loss_init: 1.1]
[2021/07/15 02:43:38] => Trial [3/3] Cycle [2/10] Epoch [60/200] Labeled Set Size [2000] Loss [backbone: 3.89e-06, Loss_classifier: 0.581, Loss_init: 0.426]
[2021/07/15 02:45:55] => Trial [3/3] Cycle [2/10] Epoch [70/200] Labeled Set Size [2000] Loss [backbone: 3.01e-06, Loss_classifier: 0.305, Loss_init: 1.01]
[2021/07/15 02:48:13] => Trial [3/3] Cycle [2/10] Epoch [80/200] Labeled Set Size [2000] Loss [backbone: 3.04e-06, Loss_classifier: 0.46, Loss_init: 0.674]
[2021/07/15 02:50:32] => Trial [3/3] Cycle [2/10] Epoch [90/200] Labeled Set Size [2000] Loss [backbone: 3.58e-06, Loss_classifier: 0.475, Loss_init: 0.706]
[2021/07/15 02:52:47] => Trial [3/3] Cycle [2/10] Epoch [100/200] Labeled Set Size [2000] Loss [backbone: 5.04e-06, Loss_classifier: 0.256, Loss_init: 0.504]
[2021/07/15 02:55:05] => Trial [3/3] Cycle [2/10] Epoch [110/200] Labeled Set Size [2000] Loss [backbone: 5.12e-06, Loss_classifier: 0.551, Loss_init: 0.309]
[2021/07/15 02:57:23] => Trial [3/3] Cycle [2/10] Epoch [120/200] Labeled Set Size [2000] Loss [backbone: 3.65e-06, Loss_classifier: 0.623, Loss_init: 0.639]
[2021/07/15 02:59:41] => Trial [3/3] Cycle [2/10] Epoch [130/200] Labeled Set Size [2000] Loss [backbone: 3.14e-06, Loss_classifier: 0.467, Loss_init: 0.548]
[2021/07/15 03:01:57] => Trial [3/3] Cycle [2/10] Epoch [140/200] Labeled Set Size [2000] Loss [backbone: 4.21e-06, Loss_classifier: 0.116, Loss_init: 0.557]
[2021/07/15 03:04:13] => Trial [3/3] Cycle [2/10] Epoch [150/200] Labeled Set Size [2000] Loss [backbone: 2.54e-06, Loss_classifier: 0.297, Loss_init: 0.363]
[2021/07/15 03:06:33] => Trial [3/3] Cycle [2/10] Epoch [160/200] Labeled Set Size [2000] Loss [backbone: 3.73e-06, Loss_classifier: 0.399, Loss_init: 0.393]
[2021/07/15 03:08:52] => Trial [3/3] Cycle [2/10] Epoch [170/200] Labeled Set Size [2000] Loss [backbone: 2.06e-06, Loss_classifier: 0.0613, Loss_init: 0.0355]
[2021/07/15 03:11:10] => Trial [3/3] Cycle [2/10] Epoch [180/200] Labeled Set Size [2000] Loss [backbone: 3.35e-06, Loss_classifier: 0.0309, Loss_init: 0.0322]
[2021/07/15 03:13:29] => Trial [3/3] Cycle [2/10] Epoch [190/200] Labeled Set Size [2000] Loss [backbone: 3.01e-06, Loss_classifier: 0.0313, Loss_init: 0.0577]
[2021/07/15 03:15:46] => Trial [3/3] Cycle [2/10] Epoch [200/200] Labeled Set Size [2000] Loss [backbone: 3.02e-06, Loss_classifier: 0.0353, Loss_init: 0.0252]
[2021/07/15 03:15:49] => Trial [3/3] Cycle [2/10] Labeled Set Size [2000] Test [acc1: 71.9, acc2: 72, acc: 71.9]
[2021/07/15 03:16:12] => Trial [3/3] Cycle [3/10] Epoch [1/200] Labeled Set Size [3000] Loss [backbone: 5.03e-06, Loss_classifier: 2.82, Loss_init: 2.65]
[2021/07/15 03:18:22] => Trial [3/3] Cycle [3/10] Epoch [10/200] Labeled Set Size [3000] Loss [backbone: 3.32e-06, Loss_classifier: 1.06, Loss_init: 2.23]
[2021/07/15 03:20:45] => Trial [3/3] Cycle [3/10] Epoch [20/200] Labeled Set Size [3000] Loss [backbone: 6.98e-06, Loss_classifier: 0.441, Loss_init: 0.753]
[2021/07/15 03:23:13] => Trial [3/3] Cycle [3/10] Epoch [30/200] Labeled Set Size [3000] Loss [backbone: 4.08e-06, Loss_classifier: 0.874, Loss_init: 0.934]
[2021/07/15 03:25:41] => Trial [3/3] Cycle [3/10] Epoch [40/200] Labeled Set Size [3000] Loss [backbone: 3.67e-06, Loss_classifier: 0.487, Loss_init: 1.15]
[2021/07/15 03:28:06] => Trial [3/3] Cycle [3/10] Epoch [50/200] Labeled Set Size [3000] Loss [backbone: 3.82e-06, Loss_classifier: 0.695, Loss_init: 0.475]
[2021/07/15 03:30:31] => Trial [3/3] Cycle [3/10] Epoch [60/200] Labeled Set Size [3000] Loss [backbone: 5.05e-06, Loss_classifier: 0.436, Loss_init: 0.258]
[2021/07/15 03:32:57] => Trial [3/3] Cycle [3/10] Epoch [70/200] Labeled Set Size [3000] Loss [backbone: 4.35e-06, Loss_classifier: 0.401, Loss_init: 0.838]
[2021/07/15 03:35:22] => Trial [3/3] Cycle [3/10] Epoch [80/200] Labeled Set Size [3000] Loss [backbone: 1.98e-06, Loss_classifier: 0.631, Loss_init: 0.997]
[2021/07/15 03:37:48] => Trial [3/3] Cycle [3/10] Epoch [90/200] Labeled Set Size [3000] Loss [backbone: 3.36e-06, Loss_classifier: 0.236, Loss_init: 0.72]
[2021/07/15 03:40:15] => Trial [3/3] Cycle [3/10] Epoch [100/200] Labeled Set Size [3000] Loss [backbone: 3.83e-06, Loss_classifier: 0.263, Loss_init: 0.283]
[2021/07/15 03:42:39] => Trial [3/3] Cycle [3/10] Epoch [110/200] Labeled Set Size [3000] Loss [backbone: 3.12e-06, Loss_classifier: 0.398, Loss_init: 0.401]
[2021/07/15 03:45:07] => Trial [3/3] Cycle [3/10] Epoch [120/200] Labeled Set Size [3000] Loss [backbone: 3.98e-06, Loss_classifier: 0.658, Loss_init: 1.39]
[2021/07/15 03:47:32] => Trial [3/3] Cycle [3/10] Epoch [130/200] Labeled Set Size [3000] Loss [backbone: 4.37e-06, Loss_classifier: 0.43, Loss_init: 1.04]
[2021/07/15 03:49:58] => Trial [3/3] Cycle [3/10] Epoch [140/200] Labeled Set Size [3000] Loss [backbone: 4.14e-06, Loss_classifier: 0.494, Loss_init: 0.909]
[2021/07/15 03:52:22] => Trial [3/3] Cycle [3/10] Epoch [150/200] Labeled Set Size [3000] Loss [backbone: 6.11e-06, Loss_classifier: 0.372, Loss_init: 0.949]
[2021/07/15 03:54:54] => Trial [3/3] Cycle [3/10] Epoch [160/200] Labeled Set Size [3000] Loss [backbone: 4.49e-06, Loss_classifier: 0.351, Loss_init: 0.525]
[2021/07/15 03:57:20] => Trial [3/3] Cycle [3/10] Epoch [170/200] Labeled Set Size [3000] Loss [backbone: 1.58e-06, Loss_classifier: 0.0461, Loss_init: 0.0267]
[2021/07/15 03:59:46] => Trial [3/3] Cycle [3/10] Epoch [180/200] Labeled Set Size [3000] Loss [backbone: 3.95e-06, Loss_classifier: 0.0268, Loss_init: 0.0229]
[2021/07/15 04:02:17] => Trial [3/3] Cycle [3/10] Epoch [190/200] Labeled Set Size [3000] Loss [backbone: 2.51e-06, Loss_classifier: 0.0268, Loss_init: 0.0251]
[2021/07/15 04:04:44] => Trial [3/3] Cycle [3/10] Epoch [200/200] Labeled Set Size [3000] Loss [backbone: 2.04e-06, Loss_classifier: 0.0254, Loss_init: 0.0313]
[2021/07/15 04:04:47] => Trial [3/3] Cycle [3/10] Labeled Set Size [3000] Test [acc1: 79.3, acc2: 79.2, acc: 79.3]
[2021/07/15 04:05:11] => Trial [3/3] Cycle [4/10] Epoch [1/200] Labeled Set Size [4000] Loss [backbone: 4.55e-06, Loss_classifier: 1.77, Loss_init: 1.83]
[2021/07/15 04:07:35] => Trial [3/3] Cycle [4/10] Epoch [10/200] Labeled Set Size [4000] Loss [backbone: 2.2e-06, Loss_classifier: 1.1, Loss_init: 1.65]
[2021/07/15 04:10:16] => Trial [3/3] Cycle [4/10] Epoch [20/200] Labeled Set Size [4000] Loss [backbone: 2.65e-06, Loss_classifier: 0.532, Loss_init: 2.6]
[2021/07/15 04:12:56] => Trial [3/3] Cycle [4/10] Epoch [30/200] Labeled Set Size [4000] Loss [backbone: 4.47e-06, Loss_classifier: 0.601, Loss_init: 0.518]
[2021/07/15 04:15:35] => Trial [3/3] Cycle [4/10] Epoch [40/200] Labeled Set Size [4000] Loss [backbone: 1.57e-06, Loss_classifier: 0.724, Loss_init: 1.51]
[2021/07/15 04:18:14] => Trial [3/3] Cycle [4/10] Epoch [50/200] Labeled Set Size [4000] Loss [backbone: 2.37e-06, Loss_classifier: 0.639, Loss_init: 0.447]
[2021/07/15 04:20:53] => Trial [3/3] Cycle [4/10] Epoch [60/200] Labeled Set Size [4000] Loss [backbone: 3.2e-06, Loss_classifier: 0.458, Loss_init: 3.04]
[2021/07/15 04:23:29] => Trial [3/3] Cycle [4/10] Epoch [70/200] Labeled Set Size [4000] Loss [backbone: 3.32e-06, Loss_classifier: 0.634, Loss_init: 0.705]
[2021/07/15 04:26:05] => Trial [3/3] Cycle [4/10] Epoch [80/200] Labeled Set Size [4000] Loss [backbone: 2.74e-06, Loss_classifier: 0.374, Loss_init: 0.9]
[2021/07/15 04:28:40] => Trial [3/3] Cycle [4/10] Epoch [90/200] Labeled Set Size [4000] Loss [backbone: 2.18e-06, Loss_classifier: 0.632, Loss_init: 0.581]
[2021/07/15 04:31:18] => Trial [3/3] Cycle [4/10] Epoch [100/200] Labeled Set Size [4000] Loss [backbone: 2.79e-06, Loss_classifier: 0.714, Loss_init: 0.245]
[2021/07/15 04:33:52] => Trial [3/3] Cycle [4/10] Epoch [110/200] Labeled Set Size [4000] Loss [backbone: 2.03e-06, Loss_classifier: 0.573, Loss_init: 1.13]
[2021/07/15 04:36:25] => Trial [3/3] Cycle [4/10] Epoch [120/200] Labeled Set Size [4000] Loss [backbone: 1.75e-06, Loss_classifier: 0.255, Loss_init: 1.36]
[2021/07/15 04:39:02] => Trial [3/3] Cycle [4/10] Epoch [130/200] Labeled Set Size [4000] Loss [backbone: 3.63e-06, Loss_classifier: 0.237, Loss_init: 0.245]
[2021/07/15 04:41:39] => Trial [3/3] Cycle [4/10] Epoch [140/200] Labeled Set Size [4000] Loss [backbone: 4.35e-06, Loss_classifier: 0.889, Loss_init: 1.14]
[2021/07/15 04:44:16] => Trial [3/3] Cycle [4/10] Epoch [150/200] Labeled Set Size [4000] Loss [backbone: 2.48e-06, Loss_classifier: 0.566, Loss_init: 0.43]
[2021/07/15 04:46:56] => Trial [3/3] Cycle [4/10] Epoch [160/200] Labeled Set Size [4000] Loss [backbone: 2.03e-06, Loss_classifier: 0.395, Loss_init: 2.29]
[2021/07/15 04:49:35] => Trial [3/3] Cycle [4/10] Epoch [170/200] Labeled Set Size [4000] Loss [backbone: 2.97e-06, Loss_classifier: 0.0367, Loss_init: 0.245]
[2021/07/15 04:52:11] => Trial [3/3] Cycle [4/10] Epoch [180/200] Labeled Set Size [4000] Loss [backbone: 1.97e-06, Loss_classifier: 0.0329, Loss_init: 0.249]
[2021/07/15 04:54:50] => Trial [3/3] Cycle [4/10] Epoch [190/200] Labeled Set Size [4000] Loss [backbone: 1.79e-06, Loss_classifier: 0.0276, Loss_init: 0.0226]
[2021/07/15 04:57:30] => Trial [3/3] Cycle [4/10] Epoch [200/200] Labeled Set Size [4000] Loss [backbone: 1.72e-06, Loss_classifier: 0.0293, Loss_init: 0.0288]
[2021/07/15 04:57:33] => Trial [3/3] Cycle [4/10] Labeled Set Size [4000] Test [acc1: 82.7, acc2: 82.6, acc: 82.6]
[2021/07/15 04:57:58] => Trial [3/3] Cycle [5/10] Epoch [1/200] Labeled Set Size [5000] Loss [backbone: 3.55e-06, Loss_classifier: 1.55, Loss_init: 1.58]
[2021/07/15 05:00:27] => Trial [3/3] Cycle [5/10] Epoch [10/200] Labeled Set Size [5000] Loss [backbone: 4.38e-06, Loss_classifier: 1.12, Loss_init: 1.71]
[2021/07/15 05:03:14] => Trial [3/3] Cycle [5/10] Epoch [20/200] Labeled Set Size [5000] Loss [backbone: 4.51e-06, Loss_classifier: 0.934, Loss_init: 1.65]
[2021/07/15 05:06:04] => Trial [3/3] Cycle [5/10] Epoch [30/200] Labeled Set Size [5000] Loss [backbone: 5.57e-06, Loss_classifier: 1.15, Loss_init: 3.39]
[2021/07/15 05:08:50] => Trial [3/3] Cycle [5/10] Epoch [40/200] Labeled Set Size [5000] Loss [backbone: 5.3e-06, Loss_classifier: 1.23, Loss_init: 1.67]
[2021/07/15 05:11:38] => Trial [3/3] Cycle [5/10] Epoch [50/200] Labeled Set Size [5000] Loss [backbone: 4.61e-06, Loss_classifier: 0.567, Loss_init: 1.05]
[2021/07/15 05:14:23] => Trial [3/3] Cycle [5/10] Epoch [60/200] Labeled Set Size [5000] Loss [backbone: 1.61e-05, Loss_classifier: 0.96, Loss_init: 0.475]
[2021/07/15 05:17:10] => Trial [3/3] Cycle [5/10] Epoch [70/200] Labeled Set Size [5000] Loss [backbone: 1.17e-05, Loss_classifier: 0.775, Loss_init: 0.36]
[2021/07/15 05:19:59] => Trial [3/3] Cycle [5/10] Epoch [80/200] Labeled Set Size [5000] Loss [backbone: 7.83e-06, Loss_classifier: 0.515, Loss_init: 5.45]
[2021/07/15 05:22:47] => Trial [3/3] Cycle [5/10] Epoch [90/200] Labeled Set Size [5000] Loss [backbone: 7.61e-06, Loss_classifier: 0.762, Loss_init: 4.29]
[2021/07/15 05:25:37] => Trial [3/3] Cycle [5/10] Epoch [100/200] Labeled Set Size [5000] Loss [backbone: 7.15e-06, Loss_classifier: 0.558, Loss_init: 1.81]
[2021/07/15 05:28:26] => Trial [3/3] Cycle [5/10] Epoch [110/200] Labeled Set Size [5000] Loss [backbone: 5.18e-06, Loss_classifier: 0.456, Loss_init: 3.39]
[2021/07/15 05:31:14] => Trial [3/3] Cycle [5/10] Epoch [120/200] Labeled Set Size [5000] Loss [backbone: 4.26e-06, Loss_classifier: 0.62, Loss_init: 1.83]
[2021/07/15 05:34:02] => Trial [3/3] Cycle [5/10] Epoch [130/200] Labeled Set Size [5000] Loss [backbone: 6.28e-06, Loss_classifier: 0.528, Loss_init: 2.68]
[2021/07/15 05:36:51] => Trial [3/3] Cycle [5/10] Epoch [140/200] Labeled Set Size [5000] Loss [backbone: 6.83e-06, Loss_classifier: 0.699, Loss_init: 2.68]
[2021/07/15 05:39:40] => Trial [3/3] Cycle [5/10] Epoch [150/200] Labeled Set Size [5000] Loss [backbone: 4.52e-06, Loss_classifier: 0.412, Loss_init: 1.52]
[2021/07/15 05:42:28] => Trial [3/3] Cycle [5/10] Epoch [160/200] Labeled Set Size [5000] Loss [backbone: 5.44e-06, Loss_classifier: 1.24, Loss_init: 1.13]
[2021/07/15 05:45:14] => Trial [3/3] Cycle [5/10] Epoch [170/200] Labeled Set Size [5000] Loss [backbone: 3.07e-06, Loss_classifier: 0.133, Loss_init: 2.4]
[2021/07/15 05:48:02] => Trial [3/3] Cycle [5/10] Epoch [180/200] Labeled Set Size [5000] Loss [backbone: 2.95e-06, Loss_classifier: 0.0854, Loss_init: 1.84]
[2021/07/15 05:50:47] => Trial [3/3] Cycle [5/10] Epoch [190/200] Labeled Set Size [5000] Loss [backbone: 3.96e-06, Loss_classifier: 0.198, Loss_init: 1.87]
[2021/07/15 05:53:33] => Trial [3/3] Cycle [5/10] Epoch [200/200] Labeled Set Size [5000] Loss [backbone: 3.46e-06, Loss_classifier: 0.0635, Loss_init: 0.781]
[2021/07/15 05:53:37] => Trial [3/3] Cycle [5/10] Labeled Set Size [5000] Test [acc1: 83.7, acc2: 83.6, acc: 83.6]
[2021/07/15 05:54:02] => Trial [3/3] Cycle [6/10] Epoch [1/200] Labeled Set Size [6000] Loss [backbone: 7.33e-06, Loss_classifier: 1.48, Loss_init: 1.94]
[2021/07/15 05:56:41] => Trial [3/3] Cycle [6/10] Epoch [10/200] Labeled Set Size [6000] Loss [backbone: 4.7e-06, Loss_classifier: 0.92, Loss_init: 1.29]
[2021/07/15 05:59:36] => Trial [3/3] Cycle [6/10] Epoch [20/200] Labeled Set Size [6000] Loss [backbone: 2.8e-06, Loss_classifier: 0.472, Loss_init: 1.07]
[2021/07/15 06:02:32] => Trial [3/3] Cycle [6/10] Epoch [30/200] Labeled Set Size [6000] Loss [backbone: 4.95e-06, Loss_classifier: 0.883, Loss_init: 0.66]
[2021/07/15 06:05:32] => Trial [3/3] Cycle [6/10] Epoch [40/200] Labeled Set Size [6000] Loss [backbone: 3.05e-06, Loss_classifier: 0.73, Loss_init: 1.14]
[2021/07/15 06:08:31] => Trial [3/3] Cycle [6/10] Epoch [50/200] Labeled Set Size [6000] Loss [backbone: 4.54e-06, Loss_classifier: 0.525, Loss_init: 1.05]
[2021/07/15 06:11:29] => Trial [3/3] Cycle [6/10] Epoch [60/200] Labeled Set Size [6000] Loss [backbone: 6.19e-06, Loss_classifier: 0.884, Loss_init: 0.852]
[2021/07/15 06:14:28] => Trial [3/3] Cycle [6/10] Epoch [70/200] Labeled Set Size [6000] Loss [backbone: 3.64e-06, Loss_classifier: 0.585, Loss_init: 0.756]
[2021/07/15 06:17:24] => Trial [3/3] Cycle [6/10] Epoch [80/200] Labeled Set Size [6000] Loss [backbone: 3.21e-06, Loss_classifier: 0.698, Loss_init: 0.781]
[2021/07/15 06:20:26] => Trial [3/3] Cycle [6/10] Epoch [90/200] Labeled Set Size [6000] Loss [backbone: 4.35e-06, Loss_classifier: 0.408, Loss_init: 1.14]
[2021/07/15 06:23:27] => Trial [3/3] Cycle [6/10] Epoch [100/200] Labeled Set Size [6000] Loss [backbone: 5.85e-06, Loss_classifier: 0.658, Loss_init: 1.37]
[2021/07/15 06:26:23] => Trial [3/3] Cycle [6/10] Epoch [110/200] Labeled Set Size [6000] Loss [backbone: 4.12e-06, Loss_classifier: 0.452, Loss_init: 0.768]
[2021/07/15 06:29:18] => Trial [3/3] Cycle [6/10] Epoch [120/200] Labeled Set Size [6000] Loss [backbone: 5.51e-06, Loss_classifier: 0.557, Loss_init: 0.937]
[2021/07/15 06:32:09] => Trial [3/3] Cycle [6/10] Epoch [130/200] Labeled Set Size [6000] Loss [backbone: 3.52e-06, Loss_classifier: 0.798, Loss_init: 0.716]
[2021/07/15 06:35:07] => Trial [3/3] Cycle [6/10] Epoch [140/200] Labeled Set Size [6000] Loss [backbone: 3.89e-06, Loss_classifier: 0.75, Loss_init: 0.975]
[2021/07/15 06:38:06] => Trial [3/3] Cycle [6/10] Epoch [150/200] Labeled Set Size [6000] Loss [backbone: 1.88e-06, Loss_classifier: 0.624, Loss_init: 1.24]
[2021/07/15 06:41:04] => Trial [3/3] Cycle [6/10] Epoch [160/200] Labeled Set Size [6000] Loss [backbone: 4.17e-06, Loss_classifier: 0.775, Loss_init: 0.666]
[2021/07/15 06:44:03] => Trial [3/3] Cycle [6/10] Epoch [170/200] Labeled Set Size [6000] Loss [backbone: 3.17e-06, Loss_classifier: 0.0435, Loss_init: 0.0962]
[2021/07/15 06:47:01] => Trial [3/3] Cycle [6/10] Epoch [180/200] Labeled Set Size [6000] Loss [backbone: 2.82e-06, Loss_classifier: 0.0314, Loss_init: 0.0319]
[2021/07/15 06:50:01] => Trial [3/3] Cycle [6/10] Epoch [190/200] Labeled Set Size [6000] Loss [backbone: 2.89e-06, Loss_classifier: 0.0328, Loss_init: 0.0368]
[2021/07/15 06:52:57] => Trial [3/3] Cycle [6/10] Epoch [200/200] Labeled Set Size [6000] Loss [backbone: 3.82e-06, Loss_classifier: 0.032, Loss_init: 0.0243]
[2021/07/15 06:53:01] => Trial [3/3] Cycle [6/10] Labeled Set Size [6000] Test [acc1: 86.3, acc2: 86.3, acc: 86.3]
[2021/07/15 06:53:29] => Trial [3/3] Cycle [7/10] Epoch [1/200] Labeled Set Size [7000] Loss [backbone: 4.25e-06, Loss_classifier: 2.18, Loss_init: 2.27]
[2021/07/15 06:56:16] => Trial [3/3] Cycle [7/10] Epoch [10/200] Labeled Set Size [7000] Loss [backbone: 3.08e-06, Loss_classifier: 1.26, Loss_init: 1.53]
[2021/07/15 06:59:22] => Trial [3/3] Cycle [7/10] Epoch [20/200] Labeled Set Size [7000] Loss [backbone: 2.48e-06, Loss_classifier: 0.743, Loss_init: 1.36]
[2021/07/15 07:02:28] => Trial [3/3] Cycle [7/10] Epoch [30/200] Labeled Set Size [7000] Loss [backbone: 1.4e-06, Loss_classifier: 0.653, Loss_init: 1.46]
[2021/07/15 07:05:38] => Trial [3/3] Cycle [7/10] Epoch [40/200] Labeled Set Size [7000] Loss [backbone: 5.89e-06, Loss_classifier: 0.772, Loss_init: 2]
[2021/07/15 07:08:48] => Trial [3/3] Cycle [7/10] Epoch [50/200] Labeled Set Size [7000] Loss [backbone: 2.97e-06, Loss_classifier: 0.789, Loss_init: 1.33]
[2021/07/15 07:11:57] => Trial [3/3] Cycle [7/10] Epoch [60/200] Labeled Set Size [7000] Loss [backbone: 1.93e-06, Loss_classifier: 0.54, Loss_init: 0.879]
[2021/07/15 07:15:07] => Trial [3/3] Cycle [7/10] Epoch [70/200] Labeled Set Size [7000] Loss [backbone: 2.27e-06, Loss_classifier: 0.837, Loss_init: 1.1]
[2021/07/15 07:18:12] => Trial [3/3] Cycle [7/10] Epoch [80/200] Labeled Set Size [7000] Loss [backbone: 2.53e-06, Loss_classifier: 0.254, Loss_init: 1.04]
[2021/07/15 07:21:18] => Trial [3/3] Cycle [7/10] Epoch [90/200] Labeled Set Size [7000] Loss [backbone: 3.35e-06, Loss_classifier: 0.976, Loss_init: 0.878]
[2021/07/15 07:24:26] => Trial [3/3] Cycle [7/10] Epoch [100/200] Labeled Set Size [7000] Loss [backbone: 5.31e-06, Loss_classifier: 0.876, Loss_init: 0.766]
[2021/07/15 07:27:36] => Trial [3/3] Cycle [7/10] Epoch [110/200] Labeled Set Size [7000] Loss [backbone: 2.56e-06, Loss_classifier: 0.634, Loss_init: 1.29]
[2021/07/15 07:30:43] => Trial [3/3] Cycle [7/10] Epoch [120/200] Labeled Set Size [7000] Loss [backbone: 1.9e-06, Loss_classifier: 0.869, Loss_init: 1.21]
[2021/07/15 07:33:53] => Trial [3/3] Cycle [7/10] Epoch [130/200] Labeled Set Size [7000] Loss [backbone: 2.33e-06, Loss_classifier: 1.13, Loss_init: 0.86]
[2021/07/15 07:37:02] => Trial [3/3] Cycle [7/10] Epoch [140/200] Labeled Set Size [7000] Loss [backbone: 2.11e-06, Loss_classifier: 0.751, Loss_init: 0.643]
[2021/07/15 07:40:10] => Trial [3/3] Cycle [7/10] Epoch [150/200] Labeled Set Size [7000] Loss [backbone: 3.32e-06, Loss_classifier: 1.08, Loss_init: 1.7]
[2021/07/15 07:43:20] => Trial [3/3] Cycle [7/10] Epoch [160/200] Labeled Set Size [7000] Loss [backbone: 3.54e-06, Loss_classifier: 0.674, Loss_init: 0.706]
[2021/07/15 07:46:27] => Trial [3/3] Cycle [7/10] Epoch [170/200] Labeled Set Size [7000] Loss [backbone: 1.03e-06, Loss_classifier: 0.0665, Loss_init: 0.0412]
[2021/07/15 07:49:36] => Trial [3/3] Cycle [7/10] Epoch [180/200] Labeled Set Size [7000] Loss [backbone: 1.19e-06, Loss_classifier: 0.0605, Loss_init: 0.0334]
[2021/07/15 07:52:43] => Trial [3/3] Cycle [7/10] Epoch [190/200] Labeled Set Size [7000] Loss [backbone: 1.02e-06, Loss_classifier: 0.0299, Loss_init: 0.044]
[2021/07/15 07:55:50] => Trial [3/3] Cycle [7/10] Epoch [200/200] Labeled Set Size [7000] Loss [backbone: 6.29e-07, Loss_classifier: 0.0323, Loss_init: 0.0256]
[2021/07/15 07:55:53] => Trial [3/3] Cycle [7/10] Labeled Set Size [7000] Test [acc1: 87.7, acc2: 87.6, acc: 87.6]
[2021/07/15 07:56:23] => Trial [3/3] Cycle [8/10] Epoch [1/200] Labeled Set Size [8000] Loss [backbone: 6.55e-06, Loss_classifier: 1.59, Loss_init: 2.09]
[2021/07/15 07:59:23] => Trial [3/3] Cycle [8/10] Epoch [10/200] Labeled Set Size [8000] Loss [backbone: 4.53e-06, Loss_classifier: 0.791, Loss_init: 2.04]
[2021/07/15 08:02:43] => Trial [3/3] Cycle [8/10] Epoch [20/200] Labeled Set Size [8000] Loss [backbone: 5.64e-06, Loss_classifier: 0.943, Loss_init: 0.98]
[2021/07/15 08:06:05] => Trial [3/3] Cycle [8/10] Epoch [30/200] Labeled Set Size [8000] Loss [backbone: 4.41e-06, Loss_classifier: 0.458, Loss_init: 0.93]
[2021/07/15 08:09:21] => Trial [3/3] Cycle [8/10] Epoch [40/200] Labeled Set Size [8000] Loss [backbone: 5.98e-06, Loss_classifier: 0.796, Loss_init: 0.847]
[2021/07/15 08:12:39] => Trial [3/3] Cycle [8/10] Epoch [50/200] Labeled Set Size [8000] Loss [backbone: 1.08e-05, Loss_classifier: 1.19, Loss_init: 0.891]
[2021/07/15 08:15:57] => Trial [3/3] Cycle [8/10] Epoch [60/200] Labeled Set Size [8000] Loss [backbone: 9.77e-06, Loss_classifier: 0.92, Loss_init: 1.39]
[2021/07/15 08:19:14] => Trial [3/3] Cycle [8/10] Epoch [70/200] Labeled Set Size [8000] Loss [backbone: 8.97e-06, Loss_classifier: 0.771, Loss_init: 0.949]
[2021/07/15 08:22:30] => Trial [3/3] Cycle [8/10] Epoch [80/200] Labeled Set Size [8000] Loss [backbone: 6.19e-06, Loss_classifier: 0.743, Loss_init: 0.862]
[2021/07/15 08:25:51] => Trial [3/3] Cycle [8/10] Epoch [90/200] Labeled Set Size [8000] Loss [backbone: 8.47e-06, Loss_classifier: 0.679, Loss_init: 1.29]
[2021/07/15 08:29:09] => Trial [3/3] Cycle [8/10] Epoch [100/200] Labeled Set Size [8000] Loss [backbone: 1.06e-05, Loss_classifier: 0.839, Loss_init: 1]
[2021/07/15 08:32:34] => Trial [3/3] Cycle [8/10] Epoch [110/200] Labeled Set Size [8000] Loss [backbone: 4.78e-06, Loss_classifier: 0.613, Loss_init: 0.954]
[2021/07/15 08:36:01] => Trial [3/3] Cycle [8/10] Epoch [120/200] Labeled Set Size [8000] Loss [backbone: 1.11e-05, Loss_classifier: 1.04, Loss_init: 0.719]
[2021/07/15 08:39:45] => Trial [3/3] Cycle [8/10] Epoch [130/200] Labeled Set Size [8000] Loss [backbone: 1.4e-05, Loss_classifier: 0.778, Loss_init: 1.46]
[2021/07/15 08:43:24] => Trial [3/3] Cycle [8/10] Epoch [140/200] Labeled Set Size [8000] Loss [backbone: 8.69e-06, Loss_classifier: 0.753, Loss_init: 0.791]
[2021/07/15 08:47:05] => Trial [3/3] Cycle [8/10] Epoch [150/200] Labeled Set Size [8000] Loss [backbone: 1.15e-05, Loss_classifier: 0.439, Loss_init: 0.808]
[2021/07/15 08:50:38] => Trial [3/3] Cycle [8/10] Epoch [160/200] Labeled Set Size [8000] Loss [backbone: 1.1e-05, Loss_classifier: 0.587, Loss_init: 0.902]
[2021/07/15 08:54:29] => Trial [3/3] Cycle [8/10] Epoch [170/200] Labeled Set Size [8000] Loss [backbone: 6.67e-06, Loss_classifier: 0.0429, Loss_init: 0.0674]
[2021/07/15 08:58:18] => Trial [3/3] Cycle [8/10] Epoch [180/200] Labeled Set Size [8000] Loss [backbone: 7.48e-06, Loss_classifier: 0.0458, Loss_init: 0.0344]
[2021/07/15 09:02:16] => Trial [3/3] Cycle [8/10] Epoch [190/200] Labeled Set Size [8000] Loss [backbone: 8.11e-06, Loss_classifier: 0.0454, Loss_init: 0.049]
[2021/07/15 09:06:11] => Trial [3/3] Cycle [8/10] Epoch [200/200] Labeled Set Size [8000] Loss [backbone: 8.32e-06, Loss_classifier: 0.0463, Loss_init: 0.0314]
[2021/07/15 09:06:14] => Trial [3/3] Cycle [8/10] Labeled Set Size [8000] Test [acc1: 89, acc2: 89, acc: 89]
[2021/07/15 09:06:52] => Trial [3/3] Cycle [9/10] Epoch [1/200] Labeled Set Size [9000] Loss [backbone: 1.09e-05, Loss_classifier: 1.54, Loss_init: 2.84]
[2021/07/15 09:10:36] => Trial [3/3] Cycle [9/10] Epoch [10/200] Labeled Set Size [9000] Loss [backbone: 6.36e-06, Loss_classifier: 1.29, Loss_init: 1.87]
[2021/07/15 09:13:51] => Trial [3/3] Cycle [9/10] Epoch [20/200] Labeled Set Size [9000] Loss [backbone: 7.49e-06, Loss_classifier: 0.928, Loss_init: 0.998]
